ika 0.62 startup
Built on Apr  2 2007
--------------------------
Initializing SDL
Initializing Video
Starting OpenGL video driver
--Setting video mode
--Initializing OpenGL
--Disabling cursor
Initializing Input
Initializing sound
Initing Python
Executing system.py
 removing... C:\workspace\Dec29 version\Dec29 version/cache/outline/genjuro/selfball
removing... C:\workspace\Dec29 version\Dec29 version/cache/outline/genjuro/selfblock
removing... C:\workspace\Dec29 version\Dec29 version/cache/outline/genjuro/selfcrouch
removing... C:\workspace\Dec29 version\Dec29 version/cache/outline/genjuro/selfcrouchblock
removing... C:\workspace\Dec29 version\Dec29 version/cache/outline/genjuro/selfdash-00
removing... C:\workspace\Dec29 version\Dec29 version/cache/outline/genjuro/selfdash-01
removing... C:\workspace\Dec29 version\Dec29 version/cache/outline/genjuro/selffall
removing... C:\workspace\Dec29 version\Dec29 version/cache/outline/genjuro/selffallforw
removing... C:\workspace\Dec29 version\Dec29 version/cache/outline/genjuro/selfhit-00
removing... C:\workspace\Dec29 version\Dec29 version/cache/outline/genjuro/selfjump-00
removing... C:\workspace\Dec29 version\Dec29 version/cache/outline/genjuro/selfm-00
removing... C:\workspace\Dec29 version\Dec29 version/cache/outline/genjuro/selfm-01
removing... C:\workspace\Dec29 version\Dec29 version/cache/outline/genjuro/selfm-02
removing... C:\workspace\Dec29 version\Dec29 version/cache/outline/genjuro/hitm-02
removing... C:\workspace\Dec29 version\Dec29 version/cache/outline/genjuro/selfstand
removing... C:\workspace\Dec29 version\Dec29 version/cache/outline/genjuro/selftele-04
removing... C:\workspace\Dec29 version\Dec29 version/cache/outline/kyo/self214w-00
removing... C:\workspace\Dec29 version\Dec29 version/cache/outline/kyo/self214w-01
removing... C:\workspace\Dec29 version\Dec29 version/cache/outline/kyo/self214w-02
removing... C:\workspace\Dec29 version\Dec29 version/cache/outline/kyo/self2s-00
removing... C:\workspace\Dec29 version\Dec29 version/cache/outline/kyo/self2s-01
removing... C:\workspace\Dec29 version\Dec29 version/cache/outline/kyo/hit2s-01
removing... C:\workspace\Dec29 version\Dec29 version/cache/outline/kyo/self2s-02
removing... C:\workspace\Dec29 version\Dec29 version/cache/outline/kyo/hit2s-02
removing... C:\workspace\Dec29 version\Dec29 version/cache/outline/kyo/self2s-03
removing... C:\workspace\Dec29 version\Dec29 version/cache/outline/kyo/hit2s-03
removing... C:\workspace\Dec29 version\Dec29 version/cache/outline/kyo/self8s-00
removing... C:\workspace\Dec29 version\Dec29 version/cache/outline/kyo/self8s-01
removing... C:\workspace\Dec29 version\Dec29 version/cache/outline/kyo/self8s-02
removing... C:\workspace\Dec29 version\Dec29 version/cache/outline/kyo/self8s-03
removing... C:\workspace\Dec29 version\Dec29 version/cache/outline/kyo/hit8s-03
removing... C:\workspace\Dec29 version\Dec29 version/cache/outline/kyo/selfblock
removing... C:\workspace\Dec29 version\Dec29 version/cache/outline/kyo/selfbubble
removing... C:\workspace\Dec29 version\Dec29 version/cache/outline/kyo/selfbubblepop-00
removing... C:\workspace\Dec29 version\Dec29 version/cache/outline/kyo/selfbubblepop-01
removing... C:\workspace\Dec29 version\Dec29 version/cache/outline/kyo/selfbubblepop-02
removing... C:\workspace\Dec29 version\Dec29 version/cache/outline/kyo/selfbubblepop-03
removing... C:\workspace\Dec29 version\Dec29 version/cache/outline/kyo/selfcrouch-00
removing... C:\workspace\Dec29 version\Dec29 version/cache/outline/kyo/selfcrouch-01
removing... C:\workspace\Dec29 version\Dec29 version/cache/outline/kyo/selfcrouch-02
removing... C:\workspace\Dec29 version\Dec29 version/cache/outline/kyo/selfcrouchblock
removing... C:\workspace\Dec29 version\Dec29 version/cache/outline/kyo/selfdash-00
removing... C:\workspace\Dec29 version\Dec29 version/cache/outline/kyo/selfdash-01
removing... C:\workspace\Dec29 version\Dec29 version/cache/outline/kyo/selfdash-02
removing... C:\workspace\Dec29 version\Dec29 version/cache/outline/kyo/selfdash-03
removing... C:\workspace\Dec29 version\Dec29 version/cache/outline/kyo/selfdash-04
removing... C:\workspace\Dec29 version\Dec29 version/cache/outline/kyo/selfdown-00
removing... C:\workspace\Dec29 version\Dec29 version/cache/outline/kyo/selfdown-01
removing... C:\workspace\Dec29 version\Dec29 version/cache/outline/kyo/selffall-00
removing... C:\workspace\Dec29 version\Dec29 version/cache/outline/kyo/selffallback-00
removing... C:\workspace\Dec29 version\Dec29 version/cache/outline/kyo/selffallforw-00
removing... C:\workspace\Dec29 version\Dec29 version/cache/outline/kyo/selffireball
removing... C:\workspace\Dec29 version\Dec29 version/cache/outline/kyo/selfhit-00
removing... C:\workspace\Dec29 version\Dec29 version/cache/outline/kyo/selfhit
removing... C:\workspace\Dec29 version\Dec29 version/cache/outline/kyo/selfintro-00
removing... C:\workspace\Dec29 version\Dec29 version/cache/outline/kyo/selfintro-01
removing... C:\workspace\Dec29 version\Dec29 version/cache/outline/kyo/selfintro-02
removing... C:\workspace\Dec29 version\Dec29 version/cache/outline/kyo/selfintro-03
removing... C:\workspace\Dec29 version\Dec29 version/cache/outline/kyo/selfintro-04
removing... C:\workspace\Dec29 version\Dec29 version/cache/outline/kyo/selfintro-05
removing... C:\workspace\Dec29 version\Dec29 version/cache/outline/kyo/selfintro-06
removing... C:\workspace\Dec29 version\Dec29 version/cache/outline/kyo/selfintro-07
removing... C:\workspace\Dec29 version\Dec29 version/cache/outline/kyo/selfintro-08
removing... C:\workspace\Dec29 version\Dec29 version/cache/outline/kyo/selfintro-09
removing... C:\workspace\Dec29 version\Dec29 version/cache/outline/kyo/selfjump-00
removing... C:\workspace\Dec29 version\Dec29 version/cache/outline/kyo/selfjumpback-00
removing... C:\workspace\Dec29 version\Dec29 version/cache/outline/kyo/selfjumpforw-00
removing... C:\workspace\Dec29 version\Dec29 version/cache/outline/kyo/selfjumpforw-01
removing... C:\workspace\Dec29 version\Dec29 version/cache/outline/kyo/selfjumpforw-02
removing... C:\workspace\Dec29 version\Dec29 version/cache/outline/kyo/selfjumpforw-03
removing... C:\workspace\Dec29 version\Dec29 version/cache/outline/kyo/selfs-00
removing... C:\workspace\Dec29 version\Dec29 version/cache/outline/kyo/selfs-01
removing... C:\workspace\Dec29 version\Dec29 version/cache/outline/kyo/selfs-02
removing... C:\workspace\Dec29 version\Dec29 version/cache/outline/kyo/selfs-03
removing... C:\workspace\Dec29 version\Dec29 version/cache/outline/kyo/hits-03
removing... C:\workspace\Dec29 version\Dec29 version/cache/outline/kyo/selfs-04
removing... C:\workspace\Dec29 version\Dec29 version/cache/outline/kyo/hits-04
removing... C:\workspace\Dec29 version\Dec29 version/cache/outline/kyo/selfstand-00
removing... C:\workspace\Dec29 version\Dec29 version/cache/outline/kyo/selfstand
removing... C:\workspace\Dec29 version\Dec29 version/cache/outline/kyo/selfthrown
removing... C:\workspace\Dec29 version\Dec29 version/cache/outline/kyo/selfwalk-00
removing... C:\workspace\Dec29 version\Dec29 version/cache/outline/kyo/selfwalk-01
removing... C:\workspace\Dec29 version\Dec29 version/cache/outline/kyo/selfwalk-02
removing... C:\workspace\Dec29 version\Dec29 version/cache/outline/kyo/selfwalk-03
removing... C:\workspace\Dec29 version\Dec29 version/cache/outline/kyo/selfwalk-04
removing... C:\workspace\Dec29 version\Dec29 version/cache/outline/kyo/selfwalk-05
making lines for  ball
making lines for  block
making lines for  crouch
making lines for  crouchblock
making lines for  dash-00
making lines for  dash-01
making lines for  fall
making lines for  fallforw
making lines for  hit-00
making lines for  jump-00
making lines for  m-00
making lines for  m-01
making lines for  m-02
making hit lines for  m-02
making lines for  stand
making lines for  tele-04
680 <= 680 <= 776 = True
.\system.py:421: DeprecationWarning: integer argument expected, got float
  Video.ClipBlit(guardbar, p.bar2x+lg, 49, lg, 0, barn, 3)
.\system.py:417: DeprecationWarning: integer argument expected, got float
  Video.ClipBlit(guardbar, p.bar2x, 49, 0, 0, barn, 3)
680 <= 680 <= 776 = True
680 <= 680 <= 776 = True
680 <= 680 <= 776 = True
680 <= 680 <= 776 = True
680 <= 680 <= 776 = True
680 <= 680 <= 776 = True
680 <= 680 <= 776 = True
680 <= 680 <= 776 = True
680 <= 680 <= 776 = True
680 <= 680 <= 776 = True
680 <= 680 <= 776 = True
680 <= 680 <= 776 = True
680 <= 680 <= 776 = True
680 <= 680 <= 776 = True
680 <= 680 <= 776 = True
680 <= 680 <= 776 = True
680 <= 680 <= 776 = True
680 <= 680 <= 776 = True
680 <= 680 <= 776 = True
680 <= 680 <= 776 = True
680 <= 680 <= 776 = True
680 <= 680 <= 776 = True
680 <= 680 <= 776 = True
680 <= 680 <= 776 = True
680 <= 680 <= 776 = True
680 <= 680 <= 776 = True
680 <= 680 <= 776 = True
680 <= 680 <= 776 = True
680 <= 680 <= 776 = True
680 <= 680 <= 776 = True
680 <= 680 <= 776 = True
680 <= 680 <= 776 = True
648 <= 680 <= 744 = True
618 <= 680 <= 714 = True
590 <= 680 <= 686 = True
564 <= 680 <= 660 = True
540 <= 680 <= 636 = False
518 <= 680 <= 614 = False
498 <= 680 <= 594 = False
480 <= 680 <= 576 = False
464 <= 680 <= 560 = False
450 <= 680 <= 546 = False
438 <= 680 <= 534 = False
428 <= 680 <= 524 = False
420 <= 680 <= 516 = False
414 <= 680 <= 510 = False
410 <= 680 <= 506 = False
408 <= 680 <= 504 = False
408 <= 680 <= 504 = False
410 <= 680 <= 506 = False
414 <= 680 <= 510 = False
420 <= 680 <= 516 = False
428 <= 680 <= 524 = False
438 <= 680 <= 534 = False
450 <= 680 <= 546 = False
464 <= 680 <= 560 = False
480 <= 680 <= 576 = False
498 <= 680 <= 594 = False
518 <= 680 <= 614 = False
540 <= 680 <= 636 = False
564 <= 680 <= 660 = True
590 <= 680 <= 686 = True
618 <= 680 <= 714 = True
648 <= 680 <= 744 = True
680 <= 680 <= 776 = True
680 <= 680 <= 776 = True
680 <= 680 <= 776 = True
680 <= 680 <= 776 = True
680 <= 680 <= 776 = True
680 <= 680 <= 776 = True
680 <= 680 <= 776 = True
680 <= 680 <= 776 = True
680 <= 680 <= 776 = True
680 <= 680 <= 776 = True
680 <= 680 <= 776 = True
680 <= 680 <= 776 = True
680 <= 680 <= 776 = True
680 <= 680 <= 776 = True
680 <= 680 <= 776 = True
680 <= 680 <= 776 = True
680 <= 680 <= 776 = True
680 <= 680 <= 776 = True
680 <= 680 <= 776 = True
680 <= 680 <= 776 = True
680 <= 680 <= 776 = True
648 <= 680 <= 744 = True
618 <= 680 <= 714 = True
590 <= 680 <= 686 = True
564 <= 680 <= 660 = True
540 <= 680 <= 636 = False
518 <= 680 <= 614 = False
498 <= 680 <= 594 = False
480 <= 680 <= 576 = False
464 <= 680 <= 560 = False
450 <= 680 <= 546 = False
438 <= 680 <= 534 = False
428 <= 680 <= 524 = False
420 <= 680 <= 516 = False
414 <= 680 <= 510 = False
410 <= 680 <= 506 = False
408 <= 680 <= 504 = False
408 <= 680 <= 504 = False
410 <= 680 <= 506 = False
414 <= 680 <= 510 = False
420 <= 680 <= 516 = False
428 <= 680 <= 524 = False
396 <= 680 <= 492 = False
366 <= 680 <= 462 = False
338 <= 680 <= 434 = False
312 <= 680 <= 408 = False
288 <= 680 <= 384 = False
266 <= 680 <= 362 = False
246 <= 680 <= 342 = False
228 <= 680 <= 324 = False
212 <= 680 <= 308 = False
198 <= 680 <= 294 = False
186 <= 680 <= 282 = False
176 <= 680 <= 272 = False
168 <= 680 <= 264 = False
162 <= 680 <= 258 = False
158 <= 680 <= 254 = False
156 <= 680 <= 252 = False
156 <= 680 <= 252 = False
158 <= 680 <= 254 = False
162 <= 680 <= 258 = False
168 <= 680 <= 264 = False
176 <= 680 <= 272 = False
186 <= 680 <= 282 = False
198 <= 680 <= 294 = False
212 <= 680 <= 308 = False
228 <= 680 <= 324 = False
246 <= 680 <= 342 = False
266 <= 680 <= 362 = False
288 <= 680 <= 384 = False
312 <= 680 <= 408 = False
338 <= 680 <= 434 = False
366 <= 680 <= 462 = False
396 <= 680 <= 492 = False
428 <= 680 <= 524 = False
462 <= 680 <= 558 = False
498 <= 680 <= 594 = False
536 <= 680 <= 632 = False
576 <= 680 <= 672 = True
618 <= 680 <= 714 = True
662 <= 680 <= 758 = True
680 <= 680 <= 776 = True
680 <= 680 <= 776 = True
680 <= 680 <= 776 = True
680 <= 680 <= 776 = True
680 <= 680 <= 776 = True
680 <= 680 <= 776 = True
680 <= 680 <= 776 = True
680 <= 680 <= 776 = True
680 <= 680 <= 776 = True
680 <= 680 <= 776 = True
680 <= 680 <= 776 = True
680 <= 680 <= 776 = True
680 <= 680 <= 776 = True
680 <= 680 <= 776 = True
680 <= 680 <= 776 = True
680 <= 680 <= 776 = True
680 <= 680 <= 776 = True
680 <= 680 <= 776 = True
680 <= 680 <= 776 = True
680 <= 680 <= 776 = True
680 <= 680 <= 776 = True
680 <= 680 <= 776 = True
680 <= 680 <= 776 = True
680 <= 680 <= 776 = True
680 <= 680 <= 776 = True
680 <= 680 <= 776 = True
680 <= 680 <= 776 = True
680 <= 680 <= 776 = True
680 <= 680 <= 776 = True
680 <= 680 <= 776 = True
680 <= 680 <= 776 = True
680 <= 680 <= 776 = True
680 <= 680 <= 776 = True
680 <= 680 <= 776 = True
680 <= 680 <= 776 = True
680 <= 680 <= 776 = True
680 <= 680 <= 776 = True
680 <= 680 <= 776 = True
680 <= 680 <= 776 = True
680 <= 680 <= 776 = True
680 <= 680 <= 776 = True
680 <= 680 <= 776 = True
680 <= 680 <= 776 = True
680 <= 680 <= 776 = True
680 <= 680 <= 776 = True
680 <= 680 <= 776 = True
680 <= 680 <= 776 = True
680 <= 680 <= 776 = True
680 <= 680 <= 776 = True
680 <= 680 <= 776 = True
680 <= 680 <= 776 = True
680 <= 680 <= 776 = True
680 <= 680 <= 776 = True
680 <= 680 <= 776 = True
680 <= 680 <= 776 = True
680 <= 680 <= 776 = True
680 <= 680 <= 776 = True
680 <= 680 <= 776 = True
680 <= 680 <= 776 = True
680 <= 680 <= 776 = True
680 <= 680 <= 776 = True
680 <= 680 <= 776 = True
680 <= 680 <= 776 = True
680 <= 680 <= 776 = True
680 <= 680 <= 776 = True
680 <= 680 <= 776 = True
680 <= 680 <= 776 = True
680 <= 680 <= 776 = True
680 <= 680 <= 776 = True
680 <= 680 <= 776 = True
680 <= 680 <= 776 = True
680 <= 680 <= 776 = True
680 <= 680 <= 776 = True
680 <= 680 <= 776 = True
680 <= 680 <= 776 = True
680 <= 680 <= 776 = True
680 <= 680 <= 776 = True
680 <= 680 <= 776 = True
680 <= 680 <= 776 = True
680 <= 680 <= 776 = True
680 <= 680 <= 776 = True
680 <= 680 <= 776 = True
680 <= 680 <= 776 = True
680 <= 680 <= 776 = True
680 <= 680 <= 776 = True
680 <= 680 <= 776 = True
680 <= 680 <= 776 = True
680 <= 680 <= 776 = True
680 <= 680 <= 776 = True
680 <= 680 <= 776 = True
680 <= 680 <= 776 = True
680 <= 680 <= 776 = True
680 <= 680 <= 776 = True
680 <= 680 <= 776 = True
680 <= 680 <= 776 = True
680 <= 680 <= 776 = True
680 <= 680 <= 776 = True
680 <= 680 <= 776 = True
680 <= 680 <= 776 = True
680 <= 680 <= 776 = True
680 <= 680 <= 776 = True
680 <= 680 <= 776 = True
680 <= 680 <= 776 = True
680 <= 680 <= 776 = True
680 <= 680 <= 776 = True
680 <= 680 <= 776 = True
680 <= 680 <= 776 = True
680 <= 680 <= 776 = True
680 <= 680 <= 776 = True
680 <= 680 <= 776 = True
680 <= 680 <= 776 = True
680 <= 680 <= 776 = True
680 <= 680 <= 776 = True
680 <= 680 <= 776 = True
680 <= 680 <= 776 = True
680 <= 680 <= 776 = True
680 <= 680 <= 776 = True
680 <= 680 <= 776 = True
680 <= 680 <= 776 = True
680 <= 680 <= 776 = True
680 <= 680 <= 776 = True
680 <= 680 <= 776 = True
680 <= 680 <= 776 = True
680 <= 680 <= 776 = True
680 <= 680 <= 776 = True
680 <= 680 <= 776 = True
680 <= 680 <= 776 = True
680 <= 680 <= 776 = True
680 <= 680 <= 776 = True
680 <= 680 <= 776 = True
680 <= 680 <= 776 = True
680 <= 680 <= 776 = True
680 <= 680 <= 776 = True
680 <= 680 <= 776 = True
680 <= 680 <= 776 = True
680 <= 680 <= 776 = True
680 <= 680 <= 776 = True
680 <= 680 <= 776 = True
680 <= 680 <= 776 = True
680 <= 680 <= 776 = True
680 <= 680 <= 776 = True
680 <= 680 <= 776 = True
680 <= 680 <= 776 = True
680 <= 680 <= 776 = True
680 <= 680 <= 776 = True
680 <= 680 <= 776 = True
680 <= 680 <= 776 = True
680 <= 680 <= 776 = True
680 <= 680 <= 776 = True
680 <= 680 <= 776 = True
680 <= 680 <= 776 = True
680 <= 680 <= 776 = True
680 <= 680 <= 776 = True
680 <= 680 <= 776 = True
680 <= 680 <= 776 = True
680 <= 680 <= 776 = True
680 <= 680 <= 776 = True
680 <= 680 <= 776 = True
680 <= 680 <= 776 = True
680 <= 680 <= 776 = True
680 <= 680 <= 776 = True
680 <= 680 <= 776 = True
680 <= 680 <= 776 = True
680 <= 680 <= 776 = True
680 <= 680 <= 776 = True
680 <= 680 <= 776 = True
680 <= 680 <= 776 = True
680 <= 680 <= 776 = True
680 <= 680 <= 776 = True
680 <= 680 <= 776 = True
680 <= 680 <= 776 = True
680 <= 680 <= 776 = True
680 <= 680 <= 776 = True
680 <= 680 <= 776 = True
680 <= 680 <= 776 = True
680 <= 680 <= 776 = True
680 <= 680 <= 776 = True
680 <= 680 <= 776 = True
680 <= 680 <= 776 = True
680 <= 680 <= 776 = True
680 <= 680 <= 776 = True
680 <= 680 <= 776 = True
680 <= 680 <= 776 = True
680 <= 680 <= 776 = True
680 <= 680 <= 776 = True
680 <= 680 <= 776 = True
680 <= 680 <= 776 = True
680 <= 680 <= 776 = True
680 <= 680 <= 776 = True
680 <= 680 <= 776 = True
680 <= 680 <= 776 = True
680 <= 680 <= 776 = True
680 <= 680 <= 776 = True
680 <= 680 <= 776 = True
680 <= 680 <= 776 = True
680 <= 680 <= 776 = True
680 <= 680 <= 776 = True
680 <= 680 <= 776 = True
648 <= 680 <= 744 = True
618 <= 680 <= 714 = True
590 <= 680 <= 686 = True
564 <= 680 <= 660 = True
540 <= 680 <= 636 = False
518 <= 680 <= 614 = False
498 <= 680 <= 594 = False
480 <= 680 <= 576 = False
464 <= 680 <= 560 = False
450 <= 680 <= 546 = False
438 <= 680 <= 534 = False
428 <= 680 <= 524 = False
420 <= 680 <= 516 = False
414 <= 680 <= 510 = False
410 <= 680 <= 506 = False
408 <= 680 <= 504 = False
408 <= 680 <= 504 = False
410 <= 680 <= 506 = False
414 <= 680 <= 510 = False
420 <= 680 <= 516 = False
428 <= 680 <= 524 = False
438 <= 680 <= 534 = False
450 <= 680 <= 546 = False
464 <= 680 <= 560 = False
480 <= 680 <= 576 = False
498 <= 680 <= 594 = False
518 <= 680 <= 614 = False
540 <= 680 <= 636 = False
564 <= 680 <= 660 = True
590 <= 680 <= 686 = True
618 <= 680 <= 714 = True
648 <= 680 <= 744 = True
680 <= 680 <= 776 = True
680 <= 680 <= 776 = True
680 <= 680 <= 776 = True
680 <= 680 <= 776 = True
680 <= 680 <= 776 = True
680 <= 680 <= 776 = True
680 <= 680 <= 776 = True
680 <= 680 <= 776 = True
680 <= 680 <= 776 = True
680 <= 680 <= 776 = True
680 <= 680 <= 776 = True
680 <= 680 <= 776 = True
680 <= 680 <= 776 = True
680 <= 680 <= 776 = True
680 <= 680 <= 776 = True
680 <= 680 <= 776 = True
680 <= 680 <= 776 = True
680 <= 680 <= 776 = True
680 <= 680 <= 776 = True
680 <= 680 <= 776 = True
680 <= 680 <= 776 = True
680 <= 680 <= 776 = True
680 <= 680 <= 776 = True
680 <= 680 <= 776 = True
680 <= 680 <= 776 = True
680 <= 680 <= 776 = True
680 <= 680 <= 776 = True
680 <= 680 <= 776 = True
680 <= 680 <= 776 = True
680 <= 680 <= 776 = True
680 <= 680 <= 776 = True
680 <= 680 <= 776 = True
680 <= 680 <= 776 = True
680 <= 680 <= 776 = True
680 <= 680 <= 776 = True
680 <= 680 <= 776 = True
680 <= 680 <= 776 = True
680 <= 680 <= 776 = True
680 <= 680 <= 776 = True
680 <= 680 <= 776 = True
648 <= 680 <= 744 = True
618 <= 680 <= 714 = True
590 <= 680 <= 686 = True
564 <= 680 <= 660 = True
540 <= 680 <= 636 = False
518 <= 680 <= 614 = False
498 <= 680 <= 594 = False
480 <= 680 <= 576 = False
464 <= 680 <= 560 = False
450 <= 680 <= 546 = False
438 <= 680 <= 534 = False
428 <= 680 <= 524 = False
420 <= 680 <= 516 = False
414 <= 680 <= 510 = False
410 <= 680 <= 506 = False
408 <= 680 <= 504 = False
408 <= 680 <= 504 = False
410 <= 680 <= 506 = False
414 <= 680 <= 510 = False
420 <= 680 <= 516 = False
428 <= 680 <= 524 = False
438 <= 680 <= 534 = False
450 <= 680 <= 546 = False
464 <= 680 <= 560 = False
480 <= 680 <= 576 = False
498 <= 680 <= 594 = False
518 <= 680 <= 614 = False
486 <= 680 <= 582 = False
456 <= 680 <= 552 = False
428 <= 680 <= 524 = False
402 <= 680 <= 498 = False
378 <= 680 <= 474 = False
356 <= 680 <= 452 = False
336 <= 680 <= 432 = False
318 <= 680 <= 414 = False
302 <= 680 <= 398 = False
288 <= 680 <= 384 = False
276 <= 680 <= 372 = False
266 <= 680 <= 362 = False
258 <= 680 <= 354 = False
252 <= 680 <= 348 = False
248 <= 680 <= 344 = False
246 <= 680 <= 342 = False
246 <= 680 <= 342 = False
248 <= 680 <= 344 = False
252 <= 680 <= 348 = False
258 <= 680 <= 354 = False
266 <= 680 <= 362 = False
276 <= 680 <= 372 = False
288 <= 680 <= 384 = False
302 <= 680 <= 398 = False
318 <= 680 <= 414 = False
336 <= 680 <= 432 = False
356 <= 680 <= 452 = False
378 <= 680 <= 474 = False
402 <= 680 <= 498 = False
428 <= 680 <= 524 = False
456 <= 680 <= 552 = False
486 <= 680 <= 582 = False
518 <= 680 <= 614 = False
552 <= 680 <= 648 = True
588 <= 680 <= 684 = True
626 <= 680 <= 722 = True
666 <= 680 <= 762 = True
680 <= 680 <= 776 = True
680 <= 680 <= 776 = True
680 <= 680 <= 776 = True
680 <= 680 <= 776 = True
680 <= 680 <= 776 = True
680 <= 680 <= 776 = True
680 <= 680 <= 776 = True
680 <= 680 <= 776 = True
680 <= 680 <= 776 = True
680 <= 680 <= 776 = True
680 <= 680 <= 776 = True
680 <= 680 <= 776 = True
680 <= 680 <= 776 = True
680 <= 680 <= 776 = True
680 <= 680 <= 776 = True
680 <= 680 <= 776 = True
680 <= 680 <= 776 = True
680 <= 680 <= 776 = True
680 <= 680 <= 776 = True
680 <= 680 <= 776 = True
680 <= 680 <= 776 = True
680 <= 680 <= 776 = True
680 <= 680 <= 776 = True
680 <= 680 <= 776 = True
680 <= 680 <= 776 = True
680 <= 680 <= 776 = True
680 <= 680 <= 776 = True
680 <= 680 <= 776 = True
680 <= 680 <= 776 = True
680 <= 680 <= 776 = True
680 <= 680 <= 776 = True
680 <= 680 <= 776 = True
680 <= 680 <= 776 = True
680 <= 680 <= 776 = True
680 <= 680 <= 776 = True
680 <= 680 <= 776 = True
680 <= 680 <= 776 = True
680 <= 680 <= 776 = True
680 <= 680 <= 776 = True
680 <= 680 <= 776 = True
680 <= 680 <= 776 = True
680 <= 680 <= 776 = True
680 <= 680 <= 776 = True
680 <= 680 <= 776 = True
680 <= 680 <= 776 = True
680 <= 680 <= 776 = True
680 <= 680 <= 776 = True
680 <= 680 <= 776 = True
680 <= 680 <= 776 = True
680 <= 680 <= 776 = True
680 <= 680 <= 776 = True
680 <= 680 <= 776 = True
680 <= 680 <= 776 = True
680 <= 680 <= 776 = True
680 <= 680 <= 776 = True
680 <= 680 <= 776 = True
680 <= 680 <= 776 = True
680 <= 680 <= 776 = True
648 <= 680 <= 744 = True
618 <= 680 <= 714 = True
590 <= 680 <= 686 = True
564 <= 680 <= 660 = True
540 <= 680 <= 636 = False
518 <= 680 <= 614 = False
498 <= 680 <= 594 = False
480 <= 680 <= 576 = False
464 <= 680 <= 560 = False
450 <= 680 <= 546 = False
438 <= 680 <= 534 = False
428 <= 680 <= 524 = False
420 <= 680 <= 516 = False
414 <= 680 <= 510 = False
410 <= 680 <= 506 = False
408 <= 680 <= 504 = False
408 <= 680 <= 504 = False
410 <= 680 <= 506 = False
414 <= 680 <= 510 = False
420 <= 680 <= 516 = False
428 <= 680 <= 524 = False
438 <= 680 <= 534 = False
406 <= 680 <= 502 = False
376 <= 680 <= 472 = False
348 <= 680 <= 444 = False
322 <= 680 <= 418 = False
298 <= 680 <= 394 = False
276 <= 680 <= 372 = False
256 <= 680 <= 352 = False
238 <= 680 <= 334 = False
222 <= 680 <= 318 = False
208 <= 680 <= 304 = False
196 <= 680 <= 292 = False
186 <= 680 <= 282 = False
178 <= 680 <= 274 = False
172 <= 680 <= 268 = False
168 <= 680 <= 264 = False
166 <= 680 <= 262 = False
166 <= 680 <= 262 = False
168 <= 680 <= 264 = False
172 <= 680 <= 268 = False
178 <= 680 <= 274 = False
186 <= 680 <= 282 = False
196 <= 680 <= 292 = False
208 <= 680 <= 304 = False
222 <= 680 <= 318 = False
238 <= 680 <= 334 = False
256 <= 680 <= 352 = False
276 <= 680 <= 372 = False
298 <= 680 <= 394 = False
322 <= 680 <= 418 = False
348 <= 680 <= 444 = False
376 <= 680 <= 472 = False
406 <= 680 <= 502 = False
438 <= 680 <= 534 = False
472 <= 680 <= 568 = False
508 <= 680 <= 604 = False
546 <= 680 <= 642 = False
586 <= 680 <= 682 = True
628 <= 680 <= 724 = True
672 <= 680 <= 768 = True
680 <= 680 <= 776 = True
680 <= 680 <= 776 = True
680 <= 680 <= 776 = True
680 <= 680 <= 776 = True
680 <= 680 <= 776 = True
680 <= 680 <= 776 = True
680 <= 680 <= 776 = True
680 <= 680 <= 776 = True
680 <= 680 <= 776 = True
680 <= 680 <= 776 = True
680 <= 680 <= 776 = True
680 <= 680 <= 776 = True
680 <= 680 <= 776 = True
680 <= 680 <= 776 = True
680 <= 680 <= 776 = True
680 <= 680 <= 776 = True
680 <= 680 <= 776 = True
680 <= 680 <= 776 = True
680 <= 680 <= 776 = True
680 <= 680 <= 776 = True
680 <= 680 <= 776 = True
680 <= 680 <= 776 = True
680 <= 680 <= 776 = True
680 <= 680 <= 776 = True
680 <= 680 <= 776 = True
680 <= 680 <= 776 = True
680 <= 680 <= 776 = True
680 <= 680 <= 776 = True
680 <= 680 <= 776 = True
680 <= 680 <= 776 = True
680 <= 680 <= 776 = True
680 <= 680 <= 776 = True
680 <= 680 <= 776 = True
680 <= 680 <= 776 = True
680 <= 680 <= 776 = True
680 <= 680 <= 776 = True
680 <= 680 <= 776 = True
680 <= 680 <= 776 = True
680 <= 680 <= 776 = True
648 <= 680 <= 744 = True
618 <= 680 <= 714 = True
590 <= 680 <= 686 = True
564 <= 680 <= 660 = True
540 <= 680 <= 636 = False
518 <= 680 <= 614 = False
498 <= 680 <= 594 = False
480 <= 680 <= 576 = False
464 <= 680 <= 560 = False
450 <= 680 <= 546 = False
438 <= 680 <= 534 = False
428 <= 680 <= 524 = False
420 <= 680 <= 516 = False
414 <= 680 <= 510 = False
410 <= 680 <= 506 = False
408 <= 680 <= 504 = False
408 <= 680 <= 504 = False
410 <= 680 <= 506 = False
414 <= 680 <= 510 = False
420 <= 680 <= 516 = False
428 <= 680 <= 524 = False
438 <= 680 <= 534 = False
450 <= 680 <= 546 = False
464 <= 680 <= 560 = False
480 <= 680 <= 576 = False
498 <= 680 <= 594 = False
518 <= 680 <= 614 = False
540 <= 680 <= 636 = False
564 <= 680 <= 660 = True
590 <= 680 <= 686 = True
618 <= 680 <= 714 = True
648 <= 680 <= 744 = True
680 <= 680 <= 776 = True
680 <= 680 <= 776 = True
680 <= 680 <= 776 = True
680 <= 680 <= 776 = True
680 <= 680 <= 776 = True
680 <= 680 <= 776 = True
680 <= 680 <= 776 = True
680 <= 680 <= 776 = True
680 <= 680 <= 776 = True
680 <= 680 <= 776 = True
680 <= 680 <= 776 = True
680 <= 680 <= 776 = True
680 <= 680 <= 776 = True
680 <= 680 <= 776 = True
680 <= 680 <= 776 = True
680 <= 680 <= 776 = True
680 <= 680 <= 776 = True
680 <= 680 <= 776 = True
680 <= 680 <= 776 = True
680 <= 680 <= 776 = True
680 <= 680 <= 776 = True
680 <= 680 <= 776 = True
680 <= 680 <= 776 = True
680 <= 680 <= 776 = True
680 <= 680 <= 776 = True
680 <= 680 <= 776 = True
680 <= 680 <= 776 = True
680 <= 680 <= 776 = True
680 <= 680 <= 776 = True
680 <= 680 <= 776 = True
680 <= 680 <= 776 = True
680 <= 680 <= 776 = True
680 <= 680 <= 776 = True
680 <= 680 <= 776 = True
680 <= 680 <= 776 = True
680 <= 680 <= 776 = True
680 <= 680 <= 776 = True
680 <= 680 <= 776 = True
680 <= 680 <= 776 = True
680 <= 680 <= 776 = True
680 <= 680 <= 776 = True
680 <= 680 <= 776 = True
680 <= 680 <= 776 = True
680 <= 680 <= 776 = True
680 <= 680 <= 776 = True
680 <= 680 <= 776 = True
680 <= 680 <= 776 = True
680 <= 680 <= 776 = True
680 <= 680 <= 776 = True
680 <= 680 <= 776 = True
680 <= 680 <= 776 = True
680 <= 680 <= 776 = True
680 <= 680 <= 776 = True
680 <= 680 <= 776 = True
680 <= 680 <= 776 = True
680 <= 680 <= 776 = True
680 <= 680 <= 776 = True
680 <= 680 <= 776 = True
680 <= 680 <= 776 = True
680 <= 680 <= 776 = True
680 <= 680 <= 776 = True
680 <= 680 <= 776 = True
680 <= 680 <= 776 = True
680 <= 680 <= 776 = True
680 <= 680 <= 776 = True
680 <= 680 <= 776 = True
680 <= 680 <= 776 = True
648 <= 680 <= 744 = True
618 <= 680 <= 714 = True
590 <= 680 <= 686 = True
564 <= 680 <= 660 = True
540 <= 680 <= 636 = False
518 <= 680 <= 614 = False
498 <= 680 <= 594 = False
480 <= 680 <= 576 = False
464 <= 680 <= 560 = False
450 <= 680 <= 546 = False
438 <= 680 <= 534 = False
428 <= 680 <= 524 = False
420 <= 680 <= 516 = False
414 <= 680 <= 510 = False
410 <= 680 <= 506 = False
408 <= 680 <= 504 = False
408 <= 680 <= 504 = False
410 <= 680 <= 506 = False
414 <= 680 <= 510 = False
420 <= 680 <= 516 = False
428 <= 680 <= 524 = False
438 <= 680 <= 534 = False
450 <= 680 <= 546 = False
464 <= 680 <= 560 = False
480 <= 680 <= 576 = False
498 <= 680 <= 594 = False
518 <= 680 <= 614 = False
540 <= 680 <= 636 = False
564 <= 680 <= 660 = True
590 <= 680 <= 686 = True
618 <= 680 <= 714 = True
648 <= 680 <= 744 = True
680 <= 680 <= 776 = True
680 <= 680 <= 776 = True
680 <= 680 <= 776 = True
680 <= 680 <= 776 = True
680 <= 680 <= 776 = True
680 <= 680 <= 776 = True
680 <= 680 <= 776 = True
680 <= 680 <= 776 = True
680 <= 680 <= 776 = True
680 <= 680 <= 776 = True
680 <= 680 <= 776 = True
680 <= 680 <= 776 = True
680 <= 680 <= 776 = True
680 <= 680 <= 776 = True
680 <= 680 <= 776 = True
680 <= 680 <= 776 = True
680 <= 680 <= 776 = True
680 <= 680 <= 776 = True
680 <= 680 <= 776 = True
680 <= 680 <= 776 = True
680 <= 680 <= 776 = True
680 <= 680 <= 776 = True
680 <= 680 <= 776 = True
680 <= 680 <= 776 = True
680 <= 680 <= 776 = True
680 <= 680 <= 776 = True
680 <= 680 <= 776 = True
680 <= 680 <= 776 = True
680 <= 680 <= 776 = True
680 <= 680 <= 776 = True
680 <= 680 <= 776 = True
680 <= 680 <= 776 = True
680 <= 680 <= 776 = True
680 <= 680 <= 776 = True
680 <= 680 <= 776 = True
680 <= 680 <= 776 = True
680 <= 680 <= 776 = True
680 <= 680 <= 776 = True
680 <= 680 <= 776 = True
680 <= 680 <= 776 = True
680 <= 680 <= 776 = True
680 <= 680 <= 776 = True
680 <= 680 <= 776 = True
680 <= 680 <= 776 = True
680 <= 680 <= 776 = True
680 <= 680 <= 776 = True
680 <= 680 <= 776 = True
680 <= 680 <= 776 = True
680 <= 680 <= 776 = True
680 <= 680 <= 776 = True
680 <= 680 <= 776 = True
680 <= 680 <= 776 = True
680 <= 680 <= 776 = True
680 <= 680 <= 776 = True
680 <= 680 <= 776 = True
680 <= 680 <= 776 = True
680 <= 680 <= 776 = True
680 <= 680 <= 776 = True
680 <= 680 <= 776 = True
680 <= 680 <= 776 = True
680 <= 680 <= 776 = True
680 <= 680 <= 776 = True
680 <= 680 <= 776 = True
680 <= 680 <= 776 = True
680 <= 680 <= 776 = True
680 <= 680 <= 776 = True
680 <= 680 <= 776 = True
680 <= 680 <= 776 = True
680 <= 680 <= 776 = True
680 <= 680 <= 776 = True
680 <= 680 <= 776 = True
680 <= 680 <= 776 = True
680 <= 680 <= 776 = True
680 <= 680 <= 776 = True
680 <= 680 <= 776 = True
680 <= 680 <= 776 = True
680 <= 680 <= 776 = True
680 <= 680 <= 776 = True
680 <= 680 <= 776 = True
680 <= 680 <= 776 = True
680 <= 680 <= 776 = True
680 <= 680 <= 776 = True
680 <= 680 <= 776 = True
680 <= 680 <= 776 = True
680 <= 680 <= 776 = True
680 <= 680 <= 776 = True
680 <= 680 <= 776 = True
680 <= 680 <= 776 = True
680 <= 680 <= 776 = True
680 <= 680 <= 776 = True
680 <= 680 <= 776 = True
680 <= 680 <= 776 = True
680 <= 680 <= 776 = True
680 <= 680 <= 776 = True
680 <= 680 <= 776 = True
680 <= 680 <= 776 = True
680 <= 680 <= 776 = True
680 <= 680 <= 776 = True
680 <= 680 <= 776 = True
680 <= 680 <= 776 = True
680 <= 680 <= 776 = True
680 <= 680 <= 776 = True
680 <= 680 <= 776 = True
680 <= 680 <= 776 = True
680 <= 680 <= 776 = True
680 <= 680 <= 776 = True
680 <= 680 <= 776 = True
680 <= 680 <= 776 = True
680 <= 680 <= 776 = True
680 <= 680 <= 776 = True
680 <= 680 <= 776 = True
680 <= 680 <= 776 = True
680 <= 680 <= 776 = True
648 <= 680 <= 744 = True
618 <= 680 <= 714 = True
590 <= 680 <= 686 = True
564 <= 680 <= 660 = True
540 <= 680 <= 636 = False
518 <= 680 <= 614 = False
498 <= 680 <= 594 = False
480 <= 680 <= 576 = False
464 <= 680 <= 560 = False
450 <= 680 <= 546 = False
438 <= 680 <= 534 = False
428 <= 680 <= 524 = False
420 <= 680 <= 516 = False
414 <= 680 <= 510 = False
410 <= 680 <= 506 = False
408 <= 680 <= 504 = False
408 <= 680 <= 504 = False
410 <= 680 <= 506 = False
414 <= 680 <= 510 = False
420 <= 680 <= 516 = False
428 <= 680 <= 524 = False
438 <= 680 <= 534 = False
450 <= 680 <= 546 = False
464 <= 680 <= 560 = False
480 <= 680 <= 576 = False
498 <= 680 <= 594 = False
518 <= 680 <= 614 = False
540 <= 680 <= 636 = False
564 <= 680 <= 660 = True
590 <= 680 <= 686 = True
618 <= 680 <= 714 = True
648 <= 680 <= 744 = True
680 <= 680 <= 776 = True
680 <= 680 <= 776 = True
680 <= 680 <= 776 = True
680 <= 680 <= 776 = True
680 <= 680 <= 776 = True
680 <= 680 <= 776 = True
680 <= 680 <= 776 = True
680 <= 680 <= 776 = True
680 <= 680 <= 776 = True
680 <= 680 <= 776 = True
680 <= 680 <= 776 = True
680 <= 680 <= 776 = True
680 <= 680 <= 776 = True
680 <= 680 <= 776 = True
680 <= 680 <= 776 = True
680 <= 680 <= 776 = True
680 <= 680 <= 776 = True
668 <= 680 <= 764 = True
658 <= 680 <= 754 = True
650 <= 680 <= 746 = True
644 <= 680 <= 740 = True
640 <= 680 <= 736 = True
638 <= 680 <= 734 = True
638 <= 680 <= 734 = True
640 <= 680 <= 736 = True
644 <= 680 <= 740 = True
650 <= 680 <= 746 = True
658 <= 680 <= 754 = True
668 <= 680 <= 764 = True
680 <= 680 <= 776 = True
680 <= 680 <= 776 = True
680 <= 680 <= 776 = True
680 <= 680 <= 776 = True
680 <= 680 <= 776 = True
680 <= 680 <= 776 = True
680 <= 680 <= 776 = True
680 <= 680 <= 776 = True
680 <= 680 <= 776 = True
680 <= 680 <= 776 = True
680 <= 680 <= 776 = True
680 <= 680 <= 776 = True
680 <= 680 <= 776 = True
680 <= 680 <= 776 = True
680 <= 680 <= 776 = True
680 <= 680 <= 776 = True
680 <= 680 <= 776 = True
680 <= 680 <= 776 = True
680 <= 680 <= 776 = True
680 <= 680 <= 776 = True
680 <= 680 <= 776 = True
680 <= 680 <= 776 = True
680 <= 680 <= 776 = True
680 <= 680 <= 776 = True
680 <= 680 <= 776 = True
680 <= 680 <= 776 = True
680 <= 680 <= 776 = True
680 <= 680 <= 776 = True
680 <= 680 <= 776 = True
680 <= 680 <= 776 = True
680 <= 680 <= 776 = True
680 <= 680 <= 776 = True
680 <= 680 <= 776 = True
680 <= 680 <= 776 = True
680 <= 680 <= 776 = True
680 <= 680 <= 776 = True
680 <= 680 <= 776 = True
680 <= 680 <= 776 = True
680 <= 680 <= 776 = True
680 <= 680 <= 776 = True
680 <= 680 <= 776 = True
680 <= 680 <= 776 = True
680 <= 680 <= 776 = True
680 <= 680 <= 776 = True
680 <= 680 <= 776 = True
680 <= 680 <= 776 = True
680 <= 680 <= 776 = True
680 <= 680 <= 776 = True
680 <= 680 <= 776 = True
680 <= 680 <= 776 = True
680 <= 680 <= 776 = True
680 <= 680 <= 776 = True
680 <= 680 <= 776 = True
680 <= 680 <= 776 = True
680 <= 680 <= 776 = True
680 <= 680 <= 776 = True
680 <= 680 <= 776 = True
680 <= 680 <= 776 = True
680 <= 680 <= 776 = True
680 <= 680 <= 776 = True
680 <= 680 <= 776 = True
680 <= 680 <= 776 = True
680 <= 680 <= 776 = True
680 <= 680 <= 776 = True
680 <= 680 <= 776 = True
680 <= 680 <= 776 = True
680 <= 680 <= 776 = True
680 <= 680 <= 776 = True
680 <= 680 <= 776 = True
680 <= 680 <= 776 = True
680 <= 680 <= 776 = True
680 <= 680 <= 776 = True
680 <= 680 <= 776 = True
680 <= 680 <= 776 = True
680 <= 680 <= 776 = True
680 <= 680 <= 776 = True
680 <= 680 <= 776 = True
680 <= 680 <= 776 = True
680 <= 680 <= 776 = True
680 <= 680 <= 776 = True
680 <= 680 <= 776 = True
680 <= 680 <= 776 = True
680 <= 680 <= 776 = True
680 <= 680 <= 776 = True
680 <= 680 <= 776 = True
680 <= 680 <= 776 = True
680 <= 680 <= 776 = True
680 <= 680 <= 776 = True
680 <= 680 <= 776 = True
680 <= 680 <= 776 = True
680 <= 680 <= 776 = True
680 <= 680 <= 776 = True
680 <= 680 <= 776 = True
680 <= 680 <= 776 = True
680 <= 680 <= 776 = True
680 <= 680 <= 776 = True
680 <= 680 <= 776 = True
680 <= 680 <= 776 = True
680 <= 680 <= 776 = True
680 <= 680 <= 776 = True
680 <= 680 <= 776 = True
680 <= 680 <= 776 = True
680 <= 680 <= 776 = True
680 <= 680 <= 776 = True
680 <= 680 <= 776 = True
680 <= 680 <= 776 = True
680 <= 680 <= 776 = True
680 <= 680 <= 776 = True
680 <= 680 <= 776 = True
680 <= 680 <= 776 = True
680 <= 680 <= 776 = True
680 <= 680 <= 776 = True
680 <= 680 <= 776 = True
680 <= 680 <= 776 = True
680 <= 680 <= 776 = True
680 <= 680 <= 776 = True
680 <= 680 <= 776 = True
680 <= 680 <= 776 = True
680 <= 680 <= 776 = True
680 <= 680 <= 776 = True
680 <= 680 <= 776 = True
680 <= 680 <= 776 = True
680 <= 680 <= 776 = True
680 <= 680 <= 776 = True
680 <= 680 <= 776 = True
680 <= 680 <= 776 = True
680 <= 680 <= 776 = True
680 <= 680 <= 776 = True
680 <= 680 <= 776 = True
680 <= 680 <= 776 = True
680 <= 680 <= 776 = True
680 <= 680 <= 776 = True
680 <= 680 <= 776 = True
680 <= 680 <= 776 = True
680 <= 680 <= 776 = True
680 <= 680 <= 776 = True
680 <= 680 <= 776 = True
680 <= 680 <= 776 = True
680 <= 680 <= 776 = True
680 <= 680 <= 776 = True
680 <= 680 <= 776 = True
680 <= 680 <= 776 = True
680 <= 680 <= 776 = True
680 <= 680 <= 776 = True
680 <= 680 <= 776 = True
680 <= 680 <= 776 = True
680 <= 680 <= 776 = True
680 <= 680 <= 776 = True
680 <= 680 <= 776 = True
680 <= 680 <= 776 = True
680 <= 680 <= 776 = True
680 <= 680 <= 776 = True
680 <= 680 <= 776 = True
680 <= 680 <= 776 = True
680 <= 680 <= 776 = True
680 <= 680 <= 776 = True
680 <= 680 <= 776 = True
680 <= 680 <= 776 = True
680 <= 680 <= 776 = True
680 <= 680 <= 776 = True
680 <= 680 <= 776 = True
680 <= 680 <= 776 = True
680 <= 680 <= 776 = True
680 <= 680 <= 776 = True
680 <= 680 <= 776 = True
680 <= 680 <= 776 = True
680 <= 680 <= 776 = True
680 <= 680 <= 776 = True
680 <= 680 <= 776 = True
680 <= 680 <= 776 = True
680 <= 680 <= 776 = True
680 <= 680 <= 776 = True
680 <= 680 <= 776 = True
680 <= 680 <= 776 = True
680 <= 680 <= 776 = True
680 <= 680 <= 776 = True
680 <= 680 <= 776 = True
680 <= 680 <= 776 = True
680 <= 680 <= 776 = True
680 <= 680 <= 776 = True
680 <= 680 <= 776 = True
680 <= 680 <= 776 = True
680 <= 680 <= 776 = True
680 <= 680 <= 776 = True
680 <= 680 <= 776 = True
680 <= 680 <= 776 = True
680 <= 680 <= 776 = True
680 <= 680 <= 776 = True
680 <= 680 <= 776 = True
680 <= 680 <= 776 = True
680 <= 680 <= 776 = True
680 <= 680 <= 776 = True
680 <= 680 <= 776 = True
680 <= 680 <= 776 = True
680 <= 680 <= 776 = True
680 <= 680 <= 776 = True
680 <= 680 <= 776 = True
680 <= 680 <= 776 = True
680 <= 680 <= 776 = True
680 <= 680 <= 776 = True
680 <= 680 <= 776 = True
680 <= 680 <= 776 = True
680 <= 680 <= 776 = True
680 <= 680 <= 776 = True
680 <= 680 <= 776 = True
680 <= 680 <= 776 = True
680 <= 680 <= 776 = True
680 <= 680 <= 776 = True
680 <= 680 <= 776 = True
680 <= 680 <= 776 = True
680 <= 680 <= 776 = True
680 <= 680 <= 776 = True
680 <= 680 <= 776 = True
680 <= 680 <= 776 = True
680 <= 680 <= 776 = True
680 <= 680 <= 776 = True
680 <= 680 <= 776 = True
680 <= 680 <= 776 = True
680 <= 680 <= 776 = True
680 <= 680 <= 776 = True
680 <= 680 <= 776 = True
680 <= 680 <= 776 = True
680 <= 680 <= 776 = True
680 <= 680 <= 776 = True
680 <= 680 <= 776 = True
680 <= 680 <= 776 = True
680 <= 680 <= 776 = True
680 <= 680 <= 776 = True
680 <= 680 <= 776 = True
680 <= 680 <= 776 = True
680 <= 680 <= 776 = True
680 <= 680 <= 776 = True
680 <= 680 <= 776 = True
680 <= 680 <= 776 = True
680 <= 680 <= 776 = True
680 <= 680 <= 776 = True
680 <= 680 <= 776 = True
680 <= 680 <= 776 = True
680 <= 680 <= 776 = True
680 <= 680 <= 776 = True
680 <= 680 <= 776 = True
680 <= 680 <= 776 = True
680 <= 680 <= 776 = True
680 <= 680 <= 776 = True
680 <= 680 <= 776 = True
680 <= 680 <= 776 = True
680 <= 680 <= 776 = True
680 <= 680 <= 776 = True
680 <= 680 <= 776 = True
680 <= 680 <= 776 = True
680 <= 680 <= 776 = True
680 <= 680 <= 776 = True
680 <= 680 <= 776 = True
680 <= 680 <= 776 = True
680 <= 680 <= 776 = True
680 <= 680 <= 776 = True
680 <= 680 <= 776 = True
680 <= 680 <= 776 = True
680 <= 680 <= 776 = True
680 <= 680 <= 776 = True
680 <= 680 <= 776 = True
680 <= 680 <= 776 = True
680 <= 680 <= 776 = True
680 <= 680 <= 776 = True
680 <= 680 <= 776 = True
680 <= 680 <= 776 = True
680 <= 680 <= 776 = True
680 <= 680 <= 776 = True
680 <= 680 <= 776 = True
680 <= 680 <= 776 = True
680 <= 680 <= 776 = True
680 <= 680 <= 776 = True
680 <= 680 <= 776 = True
680 <= 680 <= 776 = True
680 <= 680 <= 776 = True
680 <= 680 <= 776 = True
680 <= 680 <= 776 = True
680 <= 680 <= 776 = True
680 <= 680 <= 776 = True
680 <= 680 <= 776 = True
680 <= 680 <= 776 = True
680 <= 680 <= 776 = True
680 <= 680 <= 776 = True
680 <= 680 <= 776 = True
680 <= 680 <= 776 = True
680 <= 680 <= 776 = True
680 <= 680 <= 776 = True
680 <= 680 <= 776 = True
680 <= 680 <= 776 = True
680 <= 680 <= 776 = True
680 <= 680 <= 776 = True
680 <= 680 <= 776 = True
680 <= 680 <= 776 = True
680 <= 680 <= 776 = True
680 <= 680 <= 776 = True
680 <= 680 <= 776 = True
680 <= 680 <= 776 = True
680 <= 680 <= 776 = True
680 <= 680 <= 776 = True
680 <= 680 <= 776 = True
680 <= 680 <= 776 = True
680 <= 680 <= 776 = True
680 <= 680 <= 776 = True
680 <= 680 <= 776 = True
680 <= 680 <= 776 = True
680 <= 680 <= 776 = True
680 <= 680 <= 776 = True
680 <= 680 <= 776 = True
680 <= 680 <= 776 = True
680 <= 680 <= 776 = True
680 <= 680 <= 776 = True
680 <= 680 <= 776 = True
680 <= 680 <= 776 = True
680 <= 680 <= 776 = True
680 <= 680 <= 776 = True
680 <= 680 <= 776 = True
680 <= 680 <= 776 = True
680 <= 680 <= 776 = True
680 <= 680 <= 776 = True
680 <= 680 <= 776 = True
680 <= 680 <= 776 = True
680 <= 680 <= 776 = True
680 <= 680 <= 776 = True
680 <= 680 <= 776 = True
680 <= 680 <= 776 = True
680 <= 680 <= 776 = True
680 <= 680 <= 776 = True
680 <= 680 <= 776 = True
680 <= 680 <= 776 = True
680 <= 680 <= 776 = True
680 <= 680 <= 776 = True
680 <= 680 <= 776 = True
680 <= 680 <= 776 = True
680 <= 680 <= 776 = True
680 <= 680 <= 776 = True
680 <= 680 <= 776 = True
680 <= 680 <= 776 = True
680 <= 680 <= 776 = True
680 <= 680 <= 776 = True
680 <= 680 <= 776 = True
680 <= 680 <= 776 = True
680 <= 680 <= 776 = True
680 <= 680 <= 776 = True
680 <= 680 <= 776 = True
680 <= 680 <= 776 = True
680 <= 680 <= 776 = True
680 <= 680 <= 776 = True
680 <= 680 <= 776 = True
680 <= 680 <= 776 = True
680 <= 680 <= 776 = True
680 <= 680 <= 776 = True
680 <= 680 <= 776 = True
680 <= 680 <= 776 = True
680 <= 680 <= 776 = True
680 <= 680 <= 776 = True
680 <= 680 <= 776 = True
680 <= 680 <= 776 = True
680 <= 680 <= 776 = True
680 <= 680 <= 776 = True
680 <= 680 <= 776 = True
680 <= 680 <= 776 = True
680 <= 680 <= 776 = True
680 <= 680 <= 776 = True
680 <= 680 <= 776 = True
680 <= 680 <= 776 = True
680 <= 680 <= 776 = True
680 <= 680 <= 776 = True
680 <= 680 <= 776 = True
680 <= 680 <= 776 = True
680 <= 680 <= 776 = True
680 <= 680 <= 776 = True
680 <= 680 <= 776 = True
680 <= 680 <= 776 = True
680 <= 680 <= 776 = True
680 <= 680 <= 776 = True
680 <= 680 <= 776 = True
680 <= 680 <= 776 = True
680 <= 680 <= 776 = True
680 <= 680 <= 776 = True
680 <= 680 <= 776 = True
680 <= 680 <= 776 = True
680 <= 680 <= 776 = True
680 <= 680 <= 776 = True
680 <= 680 <= 776 = True
680 <= 680 <= 776 = True
680 <= 680 <= 776 = True
680 <= 680 <= 776 = True
680 <= 680 <= 776 = True
680 <= 680 <= 776 = True
680 <= 680 <= 776 = True
680 <= 680 <= 776 = True
680 <= 680 <= 776 = True
680 <= 680 <= 776 = True
680 <= 680 <= 776 = True
680 <= 680 <= 776 = True
680 <= 680 <= 776 = True
680 <= 680 <= 776 = True
680 <= 680 <= 776 = True
680 <= 680 <= 776 = True
680 <= 680 <= 776 = True
680 <= 680 <= 776 = True
680 <= 680 <= 776 = True
680 <= 680 <= 776 = True
680 <= 680 <= 776 = True
680 <= 680 <= 776 = True
680 <= 680 <= 776 = True
680 <= 680 <= 776 = True
680 <= 680 <= 776 = True
680 <= 680 <= 776 = True
680 <= 680 <= 776 = True
680 <= 680 <= 776 = True
680 <= 680 <= 776 = True
680 <= 680 <= 776 = True
680 <= 680 <= 776 = True
680 <= 680 <= 776 = True
680 <= 680 <= 776 = True
680 <= 680 <= 776 = True
680 <= 680 <= 776 = True
680 <= 680 <= 776 = True
680 <= 680 <= 776 = True
680 <= 680 <= 776 = True
680 <= 680 <= 776 = True
680 <= 680 <= 776 = True
680 <= 680 <= 776 = True
680 <= 680 <= 776 = True
680 <= 680 <= 776 = True
680 <= 680 <= 776 = True
680 <= 680 <= 776 = True
680 <= 680 <= 776 = True
680 <= 680 <= 776 = True
680 <= 680 <= 776 = True
680 <= 680 <= 776 = True
680 <= 680 <= 776 = True
680 <= 680 <= 776 = True
680 <= 680 <= 776 = True
680 <= 680 <= 776 = True
680 <= 680 <= 776 = True
680 <= 680 <= 776 = True
680 <= 680 <= 776 = True
680 <= 680 <= 776 = True
680 <= 680 <= 776 = True
680 <= 680 <= 776 = True
680 <= 680 <= 776 = True
680 <= 680 <= 776 = True
680 <= 680 <= 776 = True
680 <= 680 <= 776 = True
680 <= 680 <= 776 = True
680 <= 680 <= 776 = True
680 <= 680 <= 776 = True
680 <= 680 <= 776 = True
680 <= 680 <= 776 = True
680 <= 680 <= 776 = True
680 <= 680 <= 776 = True
680 <= 680 <= 776 = True
680 <= 680 <= 776 = True
680 <= 680 <= 776 = True
680 <= 680 <= 776 = True
680 <= 680 <= 776 = True
680 <= 680 <= 776 = True
680 <= 680 <= 776 = True
680 <= 680 <= 776 = True
680 <= 680 <= 776 = True
680 <= 680 <= 776 = True
680 <= 680 <= 776 = True
680 <= 680 <= 776 = True
680 <= 680 <= 776 = True
680 <= 680 <= 776 = True
680 <= 680 <= 776 = True
680 <= 680 <= 776 = True
680 <= 680 <= 776 = True
680 <= 680 <= 776 = True
680 <= 680 <= 776 = True
680 <= 680 <= 776 = True
680 <= 680 <= 776 = True
680 <= 680 <= 776 = True
680 <= 680 <= 776 = True
680 <= 680 <= 776 = True
680 <= 680 <= 776 = True
680 <= 680 <= 776 = True
680 <= 680 <= 776 = True
680 <= 680 <= 776 = True
680 <= 680 <= 776 = True
680 <= 680 <= 776 = True
680 <= 680 <= 776 = True
680 <= 680 <= 776 = True
680 <= 680 <= 776 = True
680 <= 680 <= 776 = True
680 <= 680 <= 776 = True
680 <= 680 <= 776 = True
680 <= 680 <= 776 = True
680 <= 680 <= 776 = True
680 <= 680 <= 776 = True
680 <= 680 <= 776 = True
680 <= 680 <= 776 = True
680 <= 680 <= 776 = True
680 <= 680 <= 776 = True
680 <= 680 <= 776 = True
680 <= 680 <= 776 = True
680 <= 680 <= 776 = True
680 <= 680 <= 776 = True
680 <= 680 <= 776 = True
680 <= 680 <= 776 = True
680 <= 680 <= 776 = True
680 <= 680 <= 776 = True
680 <= 680 <= 776 = True
680 <= 680 <= 776 = True
680 <= 680 <= 776 = True
680 <= 680 <= 776 = True
680 <= 680 <= 776 = True
680 <= 680 <= 776 = True
680 <= 680 <= 776 = True
680 <= 680 <= 776 = True
680 <= 680 <= 776 = True
680 <= 680 <= 776 = True
680 <= 680 <= 776 = True
680 <= 680 <= 776 = True
680 <= 680 <= 776 = True
680 <= 680 <= 776 = True
680 <= 680 <= 776 = True
680 <= 680 <= 776 = True
680 <= 680 <= 776 = True
680 <= 680 <= 776 = True
680 <= 680 <= 776 = True
680 <= 680 <= 776 = True
680 <= 680 <= 776 = True
680 <= 680 <= 776 = True
680 <= 680 <= 776 = True
680 <= 680 <= 776 = True
680 <= 680 <= 776 = True
680 <= 680 <= 776 = True
680 <= 680 <= 776 = True
680 <= 680 <= 776 = True
680 <= 680 <= 776 = True
680 <= 680 <= 776 = True
680 <= 680 <= 776 = True
680 <= 680 <= 776 = True
680 <= 680 <= 776 = True
680 <= 680 <= 776 = True
680 <= 680 <= 776 = True
680 <= 680 <= 776 = True
680 <= 680 <= 776 = True
680 <= 680 <= 776 = True
680 <= 680 <= 776 = True
648 <= 680 <= 744 = True
618 <= 680 <= 714 = True
590 <= 680 <= 686 = True
564 <= 680 <= 660 = True
540 <= 680 <= 636 = False
518 <= 680 <= 614 = False
498 <= 680 <= 594 = False
480 <= 680 <= 576 = False
464 <= 680 <= 560 = False
450 <= 680 <= 546 = False
438 <= 680 <= 534 = False
428 <= 680 <= 524 = False
420 <= 680 <= 516 = False
414 <= 680 <= 510 = False
410 <= 680 <= 506 = False
408 <= 680 <= 504 = False
408 <= 680 <= 504 = False
410 <= 680 <= 506 = False
414 <= 680 <= 510 = False
420 <= 680 <= 516 = False
428 <= 680 <= 524 = False
438 <= 680 <= 534 = False
450 <= 680 <= 546 = False
464 <= 680 <= 560 = False
480 <= 680 <= 576 = False
498 <= 680 <= 594 = False
518 <= 680 <= 614 = False
540 <= 680 <= 636 = False
564 <= 680 <= 660 = True
590 <= 680 <= 686 = True
618 <= 680 <= 714 = True
648 <= 680 <= 744 = True
680 <= 680 <= 776 = True
680 <= 680 <= 776 = True
680 <= 680 <= 776 = True
680 <= 680 <= 776 = True
648 <= 680 <= 744 = True
618 <= 680 <= 714 = True
590 <= 680 <= 686 = True
564 <= 680 <= 660 = True
540 <= 680 <= 636 = False
518 <= 680 <= 614 = False
498 <= 680 <= 594 = False
480 <= 680 <= 576 = False
464 <= 680 <= 560 = False
450 <= 680 <= 546 = False
438 <= 680 <= 534 = False
428 <= 680 <= 524 = False
420 <= 680 <= 516 = False
414 <= 680 <= 510 = False
410 <= 680 <= 506 = False
408 <= 680 <= 504 = False
408 <= 680 <= 504 = False
410 <= 680 <= 506 = False
414 <= 680 <= 510 = False
420 <= 680 <= 516 = False
428 <= 680 <= 524 = False
438 <= 680 <= 534 = False
450 <= 680 <= 546 = False
464 <= 680 <= 560 = False
480 <= 680 <= 576 = False
498 <= 680 <= 594 = False
518 <= 680 <= 614 = False
540 <= 680 <= 636 = False
564 <= 680 <= 660 = True
590 <= 680 <= 686 = True
618 <= 680 <= 714 = True
648 <= 680 <= 744 = True
680 <= 680 <= 776 = True
680 <= 680 <= 776 = True
680 <= 680 <= 776 = True
680 <= 680 <= 776 = True
680 <= 680 <= 776 = True
680 <= 680 <= 776 = True
680 <= 680 <= 776 = True
680 <= 680 <= 776 = True
680 <= 680 <= 776 = True
680 <= 680 <= 776 = True
680 <= 680 <= 776 = True
680 <= 680 <= 776 = True
680 <= 680 <= 776 = True
680 <= 680 <= 776 = True
680 <= 680 <= 776 = True
680 <= 680 <= 776 = True
680 <= 680 <= 776 = True
680 <= 680 <= 776 = True
680 <= 680 <= 776 = True
680 <= 680 <= 776 = True
680 <= 680 <= 776 = True
680 <= 680 <= 776 = True
680 <= 680 <= 776 = True
680 <= 680 <= 776 = True
680 <= 680 <= 776 = True
680 <= 680 <= 776 = True
680 <= 680 <= 776 = True
680 <= 680 <= 776 = True
680 <= 680 <= 776 = True
680 <= 680 <= 776 = True
680 <= 680 <= 776 = True
680 <= 680 <= 776 = True
680 <= 680 <= 776 = True
680 <= 680 <= 776 = True
680 <= 680 <= 776 = True
680 <= 680 <= 776 = True
680 <= 680 <= 776 = True
680 <= 680 <= 776 = True
680 <= 680 <= 776 = True
680 <= 680 <= 776 = True
680 <= 680 <= 776 = True
680 <= 680 <= 776 = True
680 <= 680 <= 776 = True
680 <= 680 <= 776 = True
680 <= 680 <= 776 = True
680 <= 680 <= 776 = True
680 <= 680 <= 776 = True
680 <= 680 <= 776 = True
680 <= 680 <= 776 = True
680 <= 680 <= 776 = True
680 <= 680 <= 776 = True
680 <= 680 <= 776 = True
680 <= 680 <= 776 = True
680 <= 680 <= 776 = True
680 <= 680 <= 776 = True
680 <= 680 <= 776 = True
680 <= 680 <= 776 = True
680 <= 680 <= 776 = True
680 <= 680 <= 776 = True
680 <= 680 <= 776 = True
680 <= 680 <= 776 = True
680 <= 680 <= 776 = True
680 <= 680 <= 776 = True
680 <= 680 <= 776 = True
680 <= 680 <= 776 = True
680 <= 680 <= 776 = True
680 <= 680 <= 776 = True
680 <= 680 <= 776 = True
680 <= 680 <= 776 = True
680 <= 680 <= 776 = True
680 <= 680 <= 776 = True
680 <= 680 <= 776 = True
680 <= 680 <= 776 = True
680 <= 680 <= 776 = True
680 <= 680 <= 776 = True
680 <= 680 <= 776 = True
680 <= 680 <= 776 = True
680 <= 680 <= 776 = True
680 <= 680 <= 776 = True
680 <= 680 <= 776 = True
680 <= 680 <= 776 = True
680 <= 680 <= 776 = True
680 <= 680 <= 776 = True
680 <= 680 <= 776 = True
680 <= 680 <= 776 = True
680 <= 680 <= 776 = True
680 <= 680 <= 776 = True
680 <= 680 <= 776 = True
680 <= 680 <= 776 = True
680 <= 680 <= 776 = True
680 <= 680 <= 776 = True
680 <= 680 <= 776 = True
680 <= 680 <= 776 = True
680 <= 680 <= 776 = True
680 <= 680 <= 776 = True
680 <= 680 <= 776 = True
680 <= 680 <= 776 = True
680 <= 680 <= 776 = True
680 <= 680 <= 776 = True
680 <= 680 <= 776 = True
680 <= 680 <= 776 = True
680 <= 680 <= 776 = True
680 <= 680 <= 776 = True
680 <= 680 <= 776 = True
680 <= 680 <= 776 = True
680 <= 680 <= 776 = True
680 <= 680 <= 776 = True
648 <= 680 <= 744 = True
618 <= 680 <= 714 = True
590 <= 680 <= 686 = True
564 <= 680 <= 660 = True
540 <= 680 <= 636 = False
518 <= 680 <= 614 = False
498 <= 680 <= 594 = False
480 <= 680 <= 576 = False
464 <= 680 <= 560 = False
450 <= 680 <= 546 = False
438 <= 680 <= 534 = False
428 <= 680 <= 524 = False
420 <= 680 <= 516 = False
414 <= 680 <= 510 = False
410 <= 680 <= 506 = False
408 <= 680 <= 504 = False
408 <= 680 <= 504 = False
410 <= 680 <= 506 = False
414 <= 680 <= 510 = False
420 <= 680 <= 516 = False
428 <= 680 <= 524 = False
438 <= 680 <= 534 = False
450 <= 680 <= 546 = False
464 <= 680 <= 560 = False
480 <= 680 <= 576 = False
498 <= 680 <= 594 = False
518 <= 680 <= 614 = False
540 <= 680 <= 636 = False
564 <= 680 <= 660 = True
590 <= 680 <= 686 = True
618 <= 680 <= 714 = True
648 <= 680 <= 744 = True
680 <= 680 <= 776 = True
680 <= 680 <= 776 = True
680 <= 680 <= 776 = True
680 <= 680 <= 776 = True
680 <= 680 <= 776 = True
680 <= 680 <= 776 = True
680 <= 680 <= 776 = True
680 <= 680 <= 776 = True
680 <= 680 <= 776 = True
680 <= 680 <= 776 = True
680 <= 680 <= 776 = True
680 <= 680 <= 776 = True
680 <= 680 <= 776 = True
680 <= 680 <= 776 = True
680 <= 680 <= 776 = True
680 <= 680 <= 776 = True
680 <= 680 <= 776 = True
680 <= 680 <= 776 = True
680 <= 680 <= 776 = True
680 <= 680 <= 776 = True
680 <= 680 <= 776 = True
680 <= 680 <= 776 = True
680 <= 680 <= 776 = True
680 <= 680 <= 776 = True
680 <= 680 <= 776 = True
680 <= 680 <= 776 = True
680 <= 680 <= 776 = True
680 <= 680 <= 776 = True
680 <= 680 <= 776 = True
680 <= 680 <= 776 = True
680 <= 680 <= 776 = True
680 <= 680 <= 776 = True
680 <= 680 <= 776 = True
680 <= 680 <= 776 = True
680 <= 680 <= 776 = True
680 <= 680 <= 776 = True
680 <= 680 <= 776 = True
680 <= 680 <= 776 = True
680 <= 680 <= 776 = True
680 <= 680 <= 776 = True
680 <= 680 <= 776 = True
680 <= 680 <= 776 = True
680 <= 680 <= 776 = True
680 <= 680 <= 776 = True
680 <= 680 <= 776 = True
680 <= 680 <= 776 = True
680 <= 680 <= 776 = True
680 <= 680 <= 776 = True
680 <= 680 <= 776 = True
680 <= 680 <= 776 = True
680 <= 680 <= 776 = True
680 <= 680 <= 776 = True
680 <= 680 <= 776 = True
680 <= 680 <= 776 = True
680 <= 680 <= 776 = True
680 <= 680 <= 776 = True
680 <= 680 <= 776 = True
680 <= 680 <= 776 = True
680 <= 680 <= 776 = True
680 <= 680 <= 776 = True
680 <= 680 <= 776 = True
680 <= 680 <= 776 = True
680 <= 680 <= 776 = True
680 <= 680 <= 776 = True
680 <= 680 <= 776 = True
680 <= 680 <= 776 = True
680 <= 680 <= 776 = True
680 <= 680 <= 776 = True
680 <= 680 <= 776 = True
680 <= 680 <= 776 = True
680 <= 680 <= 776 = True
680 <= 680 <= 776 = True
680 <= 680 <= 776 = True
680 <= 680 <= 776 = True
680 <= 680 <= 776 = True
680 <= 680 <= 776 = True
680 <= 680 <= 776 = True
680 <= 680 <= 776 = True
680 <= 680 <= 776 = True
680 <= 680 <= 776 = True
680 <= 680 <= 776 = True
680 <= 680 <= 776 = True
680 <= 680 <= 776 = True
680 <= 680 <= 776 = True
680 <= 680 <= 776 = True
680 <= 680 <= 776 = True
680 <= 680 <= 776 = True
680 <= 680 <= 776 = True
680 <= 680 <= 776 = True
680 <= 680 <= 776 = True
680 <= 680 <= 776 = True
680 <= 680 <= 776 = True
680 <= 680 <= 776 = True
680 <= 680 <= 776 = True
680 <= 680 <= 776 = True
680 <= 680 <= 776 = True
680 <= 680 <= 776 = True
680 <= 680 <= 776 = True
680 <= 680 <= 776 = True
680 <= 680 <= 776 = True
680 <= 680 <= 776 = True
680 <= 680 <= 776 = True
680 <= 680 <= 776 = True
680 <= 680 <= 776 = True
680 <= 680 <= 776 = True
680 <= 680 <= 776 = True
680 <= 680 <= 776 = True
680 <= 680 <= 776 = True
680 <= 680 <= 776 = True
680 <= 680 <= 776 = True
680 <= 680 <= 776 = True
680 <= 680 <= 776 = True
680 <= 680 <= 776 = True
680 <= 680 <= 776 = True
680 <= 680 <= 776 = True
680 <= 680 <= 776 = True
680 <= 680 <= 776 = True
680 <= 680 <= 776 = True
680 <= 680 <= 776 = True
680 <= 680 <= 776 = True
680 <= 680 <= 776 = True
680 <= 680 <= 776 = True
680 <= 680 <= 776 = True
680 <= 680 <= 776 = True
680 <= 680 <= 776 = True
680 <= 680 <= 776 = True
680 <= 680 <= 776 = True
680 <= 680 <= 776 = True
668 <= 680 <= 764 = True
658 <= 680 <= 754 = True
650 <= 680 <= 746 = True
644 <= 680 <= 740 = True
640 <= 680 <= 736 = True
638 <= 680 <= 734 = True
638 <= 680 <= 734 = True
640 <= 680 <= 736 = True
644 <= 680 <= 740 = True
650 <= 680 <= 746 = True
658 <= 680 <= 754 = True
668 <= 680 <= 764 = True
680 <= 680 <= 776 = True
680 <= 680 <= 776 = True
680 <= 680 <= 776 = True
680 <= 680 <= 776 = True
680 <= 680 <= 776 = True
680 <= 680 <= 776 = True
680 <= 680 <= 776 = True
680 <= 680 <= 776 = True
680 <= 680 <= 776 = True
680 <= 680 <= 776 = True
680 <= 680 <= 776 = True
680 <= 680 <= 776 = True
680 <= 680 <= 776 = True
680 <= 680 <= 776 = True
680 <= 680 <= 776 = True
680 <= 680 <= 776 = True
680 <= 680 <= 776 = True
680 <= 680 <= 776 = True
680 <= 680 <= 776 = True
680 <= 680 <= 776 = True
680 <= 680 <= 776 = True
680 <= 680 <= 776 = True
680 <= 680 <= 776 = True
680 <= 680 <= 776 = True
680 <= 680 <= 776 = True
680 <= 680 <= 776 = True
680 <= 680 <= 776 = True
680 <= 680 <= 776 = True
680 <= 680 <= 776 = True
680 <= 680 <= 776 = True
680 <= 680 <= 776 = True
680 <= 680 <= 776 = True
680 <= 680 <= 776 = True
680 <= 680 <= 776 = True
680 <= 680 <= 776 = True
680 <= 680 <= 776 = True
680 <= 680 <= 776 = True
680 <= 680 <= 776 = True
680 <= 680 <= 776 = True
648 <= 680 <= 744 = True
618 <= 680 <= 714 = True
590 <= 680 <= 686 = True
564 <= 680 <= 660 = True
540 <= 680 <= 636 = False
518 <= 680 <= 614 = False
498 <= 680 <= 594 = False
480 <= 680 <= 576 = False
464 <= 680 <= 560 = False
450 <= 680 <= 546 = False
438 <= 680 <= 534 = False
428 <= 680 <= 524 = False
420 <= 680 <= 516 = False
414 <= 680 <= 510 = False
410 <= 680 <= 506 = False
408 <= 680 <= 504 = False
408 <= 680 <= 504 = False
410 <= 680 <= 506 = False
414 <= 680 <= 510 = False
420 <= 680 <= 516 = False
428 <= 680 <= 524 = False
438 <= 680 <= 534 = False
450 <= 680 <= 546 = False
464 <= 680 <= 560 = False
480 <= 680 <= 576 = False
498 <= 680 <= 594 = False
518 <= 680 <= 614 = False
540 <= 680 <= 636 = False
564 <= 680 <= 660 = True
590 <= 680 <= 686 = True
618 <= 680 <= 714 = True
648 <= 680 <= 744 = True
680 <= 680 <= 776 = True
680 <= 680 <= 776 = True
680 <= 680 <= 776 = True
680 <= 680 <= 776 = True
680 <= 680 <= 776 = True
680 <= 680 <= 776 = True
680 <= 680 <= 776 = True
680 <= 680 <= 776 = True
680 <= 680 <= 776 = True
680 <= 680 <= 776 = True
680 <= 680 <= 776 = True
680 <= 680 <= 776 = True
680 <= 680 <= 776 = True
680 <= 680 <= 776 = True
680 <= 680 <= 776 = True
680 <= 680 <= 776 = True
680 <= 680 <= 776 = True
680 <= 680 <= 776 = True
680 <= 680 <= 776 = True
680 <= 680 <= 776 = True
680 <= 680 <= 776 = True
680 <= 680 <= 776 = True
680 <= 680 <= 776 = True
680 <= 680 <= 776 = True
680 <= 680 <= 776 = True
648 <= 680 <= 744 = True
618 <= 680 <= 714 = True
590 <= 680 <= 686 = True
564 <= 680 <= 660 = True
540 <= 680 <= 636 = False
518 <= 680 <= 614 = False
498 <= 680 <= 594 = False
480 <= 680 <= 576 = False
464 <= 680 <= 560 = False
450 <= 680 <= 546 = False
438 <= 680 <= 534 = False
428 <= 680 <= 524 = False
420 <= 680 <= 516 = False
414 <= 680 <= 510 = False
410 <= 680 <= 506 = False
408 <= 680 <= 504 = False
408 <= 680 <= 504 = False
410 <= 680 <= 506 = False
414 <= 680 <= 510 = False
420 <= 680 <= 516 = False
428 <= 680 <= 524 = False
438 <= 680 <= 534 = False
450 <= 680 <= 546 = False
464 <= 680 <= 560 = False
480 <= 680 <= 576 = False
498 <= 680 <= 594 = False
518 <= 680 <= 614 = False
540 <= 680 <= 636 = False
564 <= 680 <= 660 = True
590 <= 680 <= 686 = True
618 <= 680 <= 714 = True
648 <= 680 <= 744 = True
680 <= 680 <= 776 = True
680 <= 680 <= 776 = True
680 <= 680 <= 776 = True
680 <= 680 <= 776 = True
680 <= 680 <= 776 = True
680 <= 680 <= 776 = True
680 <= 680 <= 776 = True
680 <= 680 <= 776 = True
680 <= 680 <= 776 = True
680 <= 680 <= 776 = True
680 <= 680 <= 776 = True
680 <= 680 <= 776 = True
680 <= 680 <= 776 = True
680 <= 680 <= 776 = True
680 <= 680 <= 776 = True
680 <= 680 <= 776 = True
680 <= 680 <= 776 = True
680 <= 680 <= 776 = True
648 <= 680 <= 744 = True
618 <= 680 <= 714 = True
590 <= 680 <= 686 = True
564 <= 680 <= 660 = True
540 <= 680 <= 636 = False
518 <= 680 <= 614 = False
498 <= 680 <= 594 = False
480 <= 680 <= 576 = False
464 <= 680 <= 560 = False
450 <= 680 <= 546 = False
438 <= 680 <= 534 = False
428 <= 680 <= 524 = False
420 <= 680 <= 516 = False
414 <= 680 <= 510 = False
410 <= 680 <= 506 = False
408 <= 680 <= 504 = False
408 <= 680 <= 504 = False
410 <= 680 <= 506 = False
414 <= 680 <= 510 = False
420 <= 680 <= 516 = False
428 <= 680 <= 524 = False
438 <= 680 <= 534 = False
450 <= 680 <= 546 = False
464 <= 680 <= 560 = False
480 <= 680 <= 576 = False
498 <= 680 <= 594 = False
518 <= 680 <= 614 = False
540 <= 680 <= 636 = False
564 <= 680 <= 660 = True
590 <= 680 <= 686 = True
618 <= 680 <= 714 = True
648 <= 680 <= 744 = True
680 <= 680 <= 776 = True
680 <= 680 <= 776 = True
680 <= 680 <= 776 = True
680 <= 680 <= 776 = True
680 <= 680 <= 776 = True
648 <= 680 <= 744 = True
618 <= 680 <= 714 = True
590 <= 680 <= 686 = True
564 <= 680 <= 660 = True
540 <= 680 <= 636 = False
518 <= 680 <= 614 = False
498 <= 680 <= 594 = False
480 <= 680 <= 576 = False
464 <= 680 <= 560 = False
450 <= 680 <= 546 = False
438 <= 680 <= 534 = False
428 <= 680 <= 524 = False
420 <= 680 <= 516 = False
414 <= 680 <= 510 = False
410 <= 680 <= 506 = False
408 <= 680 <= 504 = False
408 <= 680 <= 504 = False
410 <= 680 <= 506 = False
414 <= 680 <= 510 = False
420 <= 680 <= 516 = False
428 <= 680 <= 524 = False
438 <= 680 <= 534 = False
450 <= 680 <= 546 = False
464 <= 680 <= 560 = False
480 <= 680 <= 576 = False
498 <= 680 <= 594 = False
518 <= 680 <= 614 = False
540 <= 680 <= 636 = False
564 <= 680 <= 660 = True
590 <= 680 <= 686 = True
618 <= 680 <= 714 = True
648 <= 680 <= 744 = True
680 <= 680 <= 776 = True
680 <= 680 <= 776 = True
680 <= 680 <= 776 = True
680 <= 680 <= 776 = True
680 <= 680 <= 776 = True
680 <= 680 <= 776 = True
680 <= 680 <= 776 = True
680 <= 680 <= 776 = True
680 <= 680 <= 776 = True
680 <= 680 <= 776 = True
680 <= 680 <= 776 = True
680 <= 680 <= 776 = True
680 <= 680 <= 776 = True
680 <= 680 <= 776 = True
680 <= 680 <= 776 = True
680 <= 680 <= 776 = True
680 <= 680 <= 776 = True
680 <= 680 <= 776 = True
680 <= 680 <= 776 = True
680 <= 680 <= 776 = True
680 <= 680 <= 776 = True
680 <= 680 <= 776 = True
680 <= 680 <= 776 = True
680 <= 680 <= 776 = True
680 <= 680 <= 776 = True
680 <= 680 <= 776 = True
680 <= 680 <= 776 = True
680 <= 680 <= 776 = True
680 <= 680 <= 776 = True
680 <= 680 <= 776 = True
648 <= 680 <= 744 = True
618 <= 680 <= 714 = True
590 <= 680 <= 686 = True
564 <= 680 <= 660 = True
540 <= 680 <= 636 = False
518 <= 680 <= 614 = False
498 <= 680 <= 594 = False
480 <= 680 <= 576 = False
464 <= 680 <= 560 = False
450 <= 680 <= 546 = False
438 <= 680 <= 534 = False
428 <= 680 <= 524 = False
420 <= 680 <= 516 = False
414 <= 680 <= 510 = False
410 <= 680 <= 506 = False
408 <= 680 <= 504 = False
408 <= 680 <= 504 = False
410 <= 680 <= 506 = False
414 <= 680 <= 510 = False
420 <= 680 <= 516 = False
428 <= 680 <= 524 = False
438 <= 680 <= 534 = False
450 <= 680 <= 546 = False
464 <= 680 <= 560 = False
480 <= 680 <= 576 = False
498 <= 680 <= 594 = False
518 <= 680 <= 614 = False
540 <= 680 <= 636 = False
564 <= 680 <= 660 = True
590 <= 680 <= 686 = True
618 <= 680 <= 714 = True
648 <= 680 <= 744 = True
680 <= 680 <= 776 = True
680 <= 680 <= 776 = True
680 <= 680 <= 776 = True
680 <= 680 <= 776 = True
680 <= 680 <= 776 = True
680 <= 680 <= 776 = True
680 <= 680 <= 776 = True
680 <= 680 <= 776 = True
680 <= 680 <= 776 = True
680 <= 680 <= 776 = True
680 <= 680 <= 776 = True
680 <= 680 <= 776 = True
680 <= 680 <= 776 = True
680 <= 680 <= 776 = True
680 <= 680 <= 776 = True
680 <= 680 <= 776 = True
680 <= 680 <= 776 = True
680 <= 680 <= 776 = True
680 <= 680 <= 776 = True
680 <= 680 <= 776 = True
680 <= 680 <= 776 = True
680 <= 680 <= 776 = True
680 <= 680 <= 776 = True
680 <= 680 <= 776 = True
680 <= 680 <= 776 = True
680 <= 680 <= 776 = True
680 <= 680 <= 776 = True
680 <= 680 <= 776 = True
680 <= 680 <= 776 = True
680 <= 680 <= 776 = True
680 <= 680 <= 776 = True
680 <= 680 <= 776 = True
680 <= 680 <= 776 = True
680 <= 680 <= 776 = True
680 <= 680 <= 776 = True
680 <= 680 <= 776 = True
680 <= 680 <= 776 = True
680 <= 680 <= 776 = True
680 <= 680 <= 776 = True
648 <= 680 <= 744 = True
618 <= 680 <= 714 = True
590 <= 680 <= 686 = True
564 <= 680 <= 660 = True
540 <= 680 <= 636 = False
518 <= 680 <= 614 = False
498 <= 680 <= 594 = False
480 <= 680 <= 576 = False
464 <= 680 <= 560 = False
450 <= 680 <= 546 = False
438 <= 680 <= 534 = False
428 <= 680 <= 524 = False
420 <= 680 <= 516 = False
414 <= 680 <= 510 = False
410 <= 680 <= 506 = False
408 <= 680 <= 504 = False
408 <= 680 <= 504 = False
410 <= 680 <= 506 = False
414 <= 680 <= 510 = False
420 <= 680 <= 516 = False
428 <= 680 <= 524 = False
438 <= 680 <= 534 = False
450 <= 680 <= 546 = False
464 <= 680 <= 560 = False
480 <= 680 <= 576 = False
498 <= 680 <= 594 = False
518 <= 680 <= 614 = False
540 <= 680 <= 636 = False
564 <= 680 <= 660 = True
590 <= 680 <= 686 = True
618 <= 680 <= 714 = True
648 <= 680 <= 744 = True
680 <= 680 <= 776 = True
680 <= 680 <= 776 = True
680 <= 680 <= 776 = True
680 <= 680 <= 776 = True
680 <= 680 <= 776 = True
680 <= 680 <= 776 = True
680 <= 680 <= 776 = True
680 <= 680 <= 776 = True
680 <= 680 <= 776 = True
680 <= 680 <= 776 = True
680 <= 680 <= 776 = True
680 <= 680 <= 776 = True
680 <= 680 <= 776 = True
648 <= 680 <= 744 = True
618 <= 680 <= 714 = True
590 <= 680 <= 686 = True
564 <= 680 <= 660 = True
540 <= 680 <= 636 = False
518 <= 680 <= 614 = False
498 <= 680 <= 594 = False
480 <= 680 <= 576 = False
464 <= 680 <= 560 = False
450 <= 680 <= 546 = False
438 <= 680 <= 534 = False
428 <= 680 <= 524 = False
420 <= 680 <= 516 = False
414 <= 680 <= 510 = False
410 <= 680 <= 506 = False
408 <= 680 <= 504 = False
408 <= 680 <= 504 = False
410 <= 680 <= 506 = False
414 <= 680 <= 510 = False
420 <= 680 <= 516 = False
428 <= 680 <= 524 = False
438 <= 680 <= 534 = False
450 <= 680 <= 546 = False
464 <= 680 <= 560 = False
480 <= 680 <= 576 = False
498 <= 680 <= 594 = False
518 <= 680 <= 614 = False
540 <= 680 <= 636 = False
564 <= 680 <= 660 = True
590 <= 680 <= 686 = True
618 <= 680 <= 714 = True
648 <= 680 <= 744 = True
680 <= 680 <= 776 = True
680 <= 680 <= 776 = True
680 <= 680 <= 776 = True
680 <= 680 <= 776 = True
680 <= 680 <= 776 = True
680 <= 680 <= 776 = True
680 <= 680 <= 776 = True
680 <= 680 <= 776 = True
680 <= 680 <= 776 = True
680 <= 680 <= 776 = True
680 <= 680 <= 776 = True
680 <= 680 <= 776 = True
680 <= 680 <= 776 = True
680 <= 680 <= 776 = True
668 <= 680 <= 764 = True
658 <= 680 <= 754 = True
650 <= 680 <= 746 = True
644 <= 680 <= 740 = True
640 <= 680 <= 736 = True
638 <= 680 <= 734 = True
638 <= 680 <= 734 = True
640 <= 680 <= 736 = True
644 <= 680 <= 740 = True
650 <= 680 <= 746 = True
658 <= 680 <= 754 = True
668 <= 680 <= 764 = True
680 <= 680 <= 776 = True
680 <= 680 <= 776 = True
680 <= 680 <= 776 = True
680 <= 680 <= 776 = True
680 <= 680 <= 776 = True
680 <= 680 <= 776 = True
680 <= 680 <= 776 = True
680 <= 680 <= 776 = True
680 <= 680 <= 776 = True
680 <= 680 <= 776 = True
680 <= 680 <= 776 = True
680 <= 680 <= 776 = True
680 <= 680 <= 776 = True
680 <= 680 <= 776 = True
680 <= 680 <= 776 = True
680 <= 680 <= 776 = True
680 <= 680 <= 776 = True
680 <= 680 <= 776 = True
680 <= 680 <= 776 = True
680 <= 680 <= 776 = True
680 <= 680 <= 776 = True
680 <= 680 <= 776 = True
680 <= 680 <= 776 = True
680 <= 680 <= 776 = True
680 <= 680 <= 776 = True
680 <= 680 <= 776 = True
680 <= 680 <= 776 = True
680 <= 680 <= 776 = True
680 <= 680 <= 776 = True
680 <= 680 <= 776 = True
680 <= 680 <= 776 = True
680 <= 680 <= 776 = True
648 <= 680 <= 744 = True
618 <= 680 <= 714 = True
590 <= 680 <= 686 = True
564 <= 680 <= 660 = True
540 <= 680 <= 636 = False
518 <= 680 <= 614 = False
498 <= 680 <= 594 = False
480 <= 680 <= 576 = False
464 <= 680 <= 560 = False
450 <= 680 <= 546 = False
438 <= 680 <= 534 = False
428 <= 680 <= 524 = False
420 <= 680 <= 516 = False
414 <= 680 <= 510 = False
410 <= 680 <= 506 = False
408 <= 680 <= 504 = False
408 <= 680 <= 504 = False
410 <= 680 <= 506 = False
414 <= 680 <= 510 = False
420 <= 680 <= 516 = False
428 <= 680 <= 524 = False
438 <= 680 <= 534 = False
450 <= 680 <= 546 = False
464 <= 680 <= 560 = False
480 <= 680 <= 576 = False
498 <= 680 <= 594 = False
518 <= 680 <= 614 = False
540 <= 680 <= 636 = False
564 <= 680 <= 660 = True
590 <= 680 <= 686 = True
618 <= 680 <= 714 = True
648 <= 680 <= 744 = True
680 <= 680 <= 776 = True
680 <= 680 <= 776 = True
680 <= 680 <= 776 = True
680 <= 680 <= 776 = True
680 <= 680 <= 776 = True
680 <= 680 <= 776 = True
680 <= 680 <= 776 = True
680 <= 680 <= 776 = True
680 <= 680 <= 776 = True
680 <= 680 <= 776 = True
680 <= 680 <= 776 = True
680 <= 680 <= 776 = True
680 <= 680 <= 776 = True
680 <= 680 <= 776 = True
680 <= 680 <= 776 = True
680 <= 680 <= 776 = True
680 <= 680 <= 776 = True
680 <= 680 <= 776 = True
680 <= 680 <= 776 = True
680 <= 680 <= 776 = True
680 <= 680 <= 776 = True
680 <= 680 <= 776 = True
680 <= 680 <= 776 = True
680 <= 680 <= 776 = True
680 <= 680 <= 776 = True
680 <= 680 <= 776 = True
680 <= 680 <= 776 = True
680 <= 680 <= 776 = True
680 <= 680 <= 776 = True
680 <= 680 <= 776 = True
680 <= 680 <= 776 = True
680 <= 680 <= 776 = True
680 <= 680 <= 776 = True
680 <= 680 <= 776 = True
680 <= 680 <= 776 = True
680 <= 680 <= 776 = True
680 <= 680 <= 776 = True
680 <= 680 <= 776 = True
680 <= 680 <= 776 = True
680 <= 680 <= 776 = True
680 <= 680 <= 776 = True
680 <= 680 <= 776 = True
680 <= 680 <= 776 = True
680 <= 680 <= 776 = True
680 <= 680 <= 776 = True
680 <= 680 <= 776 = True
680 <= 680 <= 776 = True
680 <= 680 <= 776 = True
680 <= 680 <= 776 = True
680 <= 680 <= 776 = True
680 <= 680 <= 776 = True
680 <= 680 <= 776 = True
680 <= 680 <= 776 = True
680 <= 680 <= 776 = True
680 <= 680 <= 776 = True
680 <= 680 <= 776 = True
680 <= 680 <= 776 = True
680 <= 680 <= 776 = True
680 <= 680 <= 776 = True
680 <= 680 <= 776 = True
680 <= 680 <= 776 = True
680 <= 680 <= 776 = True
680 <= 680 <= 776 = True
680 <= 680 <= 776 = True
680 <= 680 <= 776 = True
680 <= 680 <= 776 = True
680 <= 680 <= 776 = True
680 <= 680 <= 776 = True
680 <= 680 <= 776 = True
680 <= 680 <= 776 = True
680 <= 680 <= 776 = True
680 <= 680 <= 776 = True
648 <= 680 <= 744 = True
618 <= 680 <= 714 = True
590 <= 680 <= 686 = True
564 <= 680 <= 660 = True
540 <= 680 <= 636 = False
518 <= 680 <= 614 = False
498 <= 680 <= 594 = False
480 <= 680 <= 576 = False
464 <= 680 <= 560 = False
450 <= 680 <= 546 = False
438 <= 680 <= 534 = False
428 <= 680 <= 524 = False
420 <= 680 <= 516 = False
414 <= 680 <= 510 = False
410 <= 680 <= 506 = False
408 <= 680 <= 504 = False
408 <= 680 <= 504 = False
410 <= 680 <= 506 = False
414 <= 680 <= 510 = False
420 <= 680 <= 516 = False
428 <= 680 <= 524 = False
438 <= 680 <= 534 = False
450 <= 680 <= 546 = False
464 <= 680 <= 560 = False
480 <= 680 <= 576 = False
498 <= 680 <= 594 = False
518 <= 680 <= 614 = False
540 <= 680 <= 636 = False
564 <= 680 <= 660 = True
590 <= 680 <= 686 = True
618 <= 680 <= 714 = True
648 <= 680 <= 744 = True
680 <= 680 <= 776 = True
680 <= 680 <= 776 = True
680 <= 680 <= 776 = True
680 <= 680 <= 776 = True
680 <= 680 <= 776 = True
680 <= 680 <= 776 = True
680 <= 680 <= 776 = True
680 <= 680 <= 776 = True
680 <= 680 <= 776 = True
680 <= 680 <= 776 = True
680 <= 680 <= 776 = True
680 <= 680 <= 776 = True
680 <= 680 <= 776 = True
680 <= 680 <= 776 = True
680 <= 680 <= 776 = True
680 <= 680 <= 776 = True
680 <= 680 <= 776 = True
680 <= 680 <= 776 = True
680 <= 680 <= 776 = True
680 <= 680 <= 776 = True
680 <= 680 <= 776 = True
680 <= 680 <= 776 = True
680 <= 680 <= 776 = True
680 <= 680 <= 776 = True
680 <= 680 <= 776 = True
680 <= 680 <= 776 = True
680 <= 680 <= 776 = True
680 <= 680 <= 776 = True
680 <= 680 <= 776 = True
680 <= 680 <= 776 = True
680 <= 680 <= 776 = True
680 <= 680 <= 776 = True
680 <= 680 <= 776 = True
680 <= 680 <= 776 = True
680 <= 680 <= 776 = True
680 <= 680 <= 776 = True
680 <= 680 <= 776 = True
680 <= 680 <= 776 = True
680 <= 680 <= 776 = True
680 <= 680 <= 776 = True
680 <= 680 <= 776 = True
648 <= 680 <= 744 = True
618 <= 680 <= 714 = True
590 <= 680 <= 686 = True
564 <= 680 <= 660 = True
540 <= 680 <= 636 = False
518 <= 680 <= 614 = False
498 <= 680 <= 594 = False
480 <= 680 <= 576 = False
464 <= 680 <= 560 = False
450 <= 680 <= 546 = False
438 <= 680 <= 534 = False
428 <= 680 <= 524 = False
420 <= 680 <= 516 = False
414 <= 680 <= 510 = False
410 <= 680 <= 506 = False
408 <= 680 <= 504 = False
408 <= 680 <= 504 = False
410 <= 680 <= 506 = False
414 <= 680 <= 510 = False
420 <= 680 <= 516 = False
428 <= 680 <= 524 = False
438 <= 680 <= 534 = False
450 <= 680 <= 546 = False
464 <= 680 <= 560 = False
480 <= 680 <= 576 = False
498 <= 680 <= 594 = False
518 <= 680 <= 614 = False
540 <= 680 <= 636 = False
564 <= 680 <= 660 = True
590 <= 680 <= 686 = True
618 <= 680 <= 714 = True
648 <= 680 <= 744 = True
680 <= 680 <= 776 = True
680 <= 680 <= 776 = True
680 <= 680 <= 776 = True
680 <= 680 <= 776 = True
680 <= 680 <= 776 = True
680 <= 680 <= 776 = True
680 <= 680 <= 776 = True
680 <= 680 <= 776 = True
680 <= 680 <= 776 = True
680 <= 680 <= 776 = True
680 <= 680 <= 776 = True
680 <= 680 <= 776 = True
680 <= 680 <= 776 = True
680 <= 680 <= 776 = True
680 <= 680 <= 776 = True
680 <= 680 <= 776 = True
680 <= 680 <= 776 = True
680 <= 680 <= 776 = True
680 <= 680 <= 776 = True
680 <= 680 <= 776 = True
680 <= 680 <= 776 = True
680 <= 680 <= 776 = True
680 <= 680 <= 776 = True
680 <= 680 <= 776 = True
680 <= 680 <= 776 = True
680 <= 680 <= 776 = True
680 <= 680 <= 776 = True
680 <= 680 <= 776 = True
680 <= 680 <= 776 = True
680 <= 680 <= 776 = True
680 <= 680 <= 776 = True
680 <= 680 <= 776 = True
680 <= 680 <= 776 = True
648 <= 680 <= 744 = True
618 <= 680 <= 714 = True
590 <= 680 <= 686 = True
564 <= 680 <= 660 = True
540 <= 680 <= 636 = False
518 <= 680 <= 614 = False
498 <= 680 <= 594 = False
480 <= 680 <= 576 = False
464 <= 680 <= 560 = False
450 <= 680 <= 546 = False
438 <= 680 <= 534 = False
428 <= 680 <= 524 = False
420 <= 680 <= 516 = False
414 <= 680 <= 510 = False
410 <= 680 <= 506 = False
408 <= 680 <= 504 = False
408 <= 680 <= 504 = False
410 <= 680 <= 506 = False
414 <= 680 <= 510 = False
420 <= 680 <= 516 = False
428 <= 680 <= 524 = False
438 <= 680 <= 534 = False
450 <= 680 <= 546 = False
464 <= 680 <= 560 = False
480 <= 680 <= 576 = False
498 <= 680 <= 594 = False
518 <= 680 <= 614 = False
540 <= 680 <= 636 = False
564 <= 680 <= 660 = True
590 <= 680 <= 686 = True
618 <= 680 <= 714 = True
648 <= 680 <= 744 = True
680 <= 680 <= 776 = True
680 <= 680 <= 776 = True
680 <= 680 <= 776 = True
680 <= 680 <= 776 = True
680 <= 680 <= 776 = True
680 <= 680 <= 776 = True
680 <= 680 <= 776 = True
680 <= 680 <= 776 = True
680 <= 680 <= 776 = True
680 <= 680 <= 776 = True
680 <= 680 <= 776 = True
680 <= 680 <= 776 = True
680 <= 680 <= 776 = True
680 <= 680 <= 776 = True
680 <= 680 <= 776 = True
680 <= 680 <= 776 = True
680 <= 680 <= 776 = True
680 <= 680 <= 776 = True
680 <= 680 <= 776 = True
680 <= 680 <= 776 = True
680 <= 680 <= 776 = True
680 <= 680 <= 776 = True
680 <= 680 <= 776 = True
680 <= 680 <= 776 = True
680 <= 680 <= 776 = True
648 <= 680 <= 744 = True
618 <= 680 <= 714 = True
590 <= 680 <= 686 = True
564 <= 680 <= 660 = True
540 <= 680 <= 636 = False
518 <= 680 <= 614 = False
498 <= 680 <= 594 = False
480 <= 680 <= 576 = False
464 <= 680 <= 560 = False
450 <= 680 <= 546 = False
438 <= 680 <= 534 = False
428 <= 680 <= 524 = False
420 <= 680 <= 516 = False
414 <= 680 <= 510 = False
410 <= 680 <= 506 = False
408 <= 680 <= 504 = False
408 <= 680 <= 504 = False
410 <= 680 <= 506 = False
414 <= 680 <= 510 = False
420 <= 680 <= 516 = False
428 <= 680 <= 524 = False
438 <= 680 <= 534 = False
450 <= 680 <= 546 = False
464 <= 680 <= 560 = False
480 <= 680 <= 576 = False
498 <= 680 <= 594 = False
518 <= 680 <= 614 = False
540 <= 680 <= 636 = False
564 <= 680 <= 660 = True
590 <= 680 <= 686 = True
618 <= 680 <= 714 = True
648 <= 680 <= 744 = True
680 <= 680 <= 776 = True
680 <= 680 <= 776 = True
680 <= 680 <= 776 = True
680 <= 680 <= 776 = True
680 <= 680 <= 776 = True
680 <= 680 <= 776 = True
680 <= 680 <= 776 = True
680 <= 680 <= 776 = True
680 <= 680 <= 776 = True
680 <= 680 <= 776 = True
680 <= 680 <= 776 = True
680 <= 680 <= 776 = True
680 <= 680 <= 776 = True
680 <= 680 <= 776 = True
680 <= 680 <= 776 = True
648 <= 680 <= 744 = True
618 <= 680 <= 714 = True
590 <= 680 <= 686 = True
564 <= 680 <= 660 = True
540 <= 680 <= 636 = False
518 <= 680 <= 614 = False
498 <= 680 <= 594 = False
480 <= 680 <= 576 = False
464 <= 680 <= 560 = False
450 <= 680 <= 546 = False
438 <= 680 <= 534 = False
428 <= 680 <= 524 = False
420 <= 680 <= 516 = False
414 <= 680 <= 510 = False
410 <= 680 <= 506 = False
408 <= 680 <= 504 = False
408 <= 680 <= 504 = False
410 <= 680 <= 506 = False
414 <= 680 <= 510 = False
420 <= 680 <= 516 = False
428 <= 680 <= 524 = False
438 <= 680 <= 534 = False
450 <= 680 <= 546 = False
464 <= 680 <= 560 = False
480 <= 680 <= 576 = False
498 <= 680 <= 594 = False
518 <= 680 <= 614 = False
540 <= 680 <= 636 = False
564 <= 680 <= 660 = True
590 <= 680 <= 686 = True
618 <= 680 <= 714 = True
648 <= 680 <= 744 = True
680 <= 680 <= 776 = True
680 <= 680 <= 776 = True
680 <= 680 <= 776 = True
680 <= 680 <= 776 = True
680 <= 680 <= 776 = True
680 <= 680 <= 776 = True
648 <= 680 <= 744 = True
618 <= 680 <= 714 = True
590 <= 680 <= 686 = True
564 <= 680 <= 660 = True
540 <= 680 <= 636 = False
518 <= 680 <= 614 = False
498 <= 680 <= 594 = False
480 <= 680 <= 576 = False
464 <= 680 <= 560 = False
450 <= 680 <= 546 = False
438 <= 680 <= 534 = False
428 <= 680 <= 524 = False
420 <= 680 <= 516 = False
414 <= 680 <= 510 = False
410 <= 680 <= 506 = False
408 <= 680 <= 504 = False
408 <= 680 <= 504 = False
410 <= 680 <= 506 = False
414 <= 680 <= 510 = False
420 <= 680 <= 516 = False
428 <= 680 <= 524 = False
438 <= 680 <= 534 = False
450 <= 680 <= 546 = False
464 <= 680 <= 560 = False
480 <= 680 <= 576 = False
498 <= 680 <= 594 = False
518 <= 680 <= 614 = False
540 <= 680 <= 636 = False
508 <= 680 <= 604 = False
478 <= 680 <= 574 = False
450 <= 680 <= 546 = False
424 <= 680 <= 520 = False
400 <= 680 <= 496 = False
378 <= 680 <= 474 = False
358 <= 680 <= 454 = False
340 <= 680 <= 436 = False
324 <= 680 <= 420 = False
310 <= 680 <= 406 = False
298 <= 680 <= 394 = False
288 <= 680 <= 384 = False
280 <= 680 <= 376 = False
274 <= 680 <= 370 = False
270 <= 680 <= 366 = False
268 <= 680 <= 364 = False
268 <= 680 <= 364 = False
270 <= 680 <= 366 = False
274 <= 680 <= 370 = False
280 <= 680 <= 376 = False
288 <= 680 <= 384 = False
298 <= 680 <= 394 = False
310 <= 680 <= 406 = False
324 <= 680 <= 420 = False
340 <= 680 <= 436 = False
358 <= 680 <= 454 = False
378 <= 680 <= 474 = False
400 <= 680 <= 496 = False
424 <= 680 <= 520 = False
450 <= 680 <= 546 = False
478 <= 680 <= 574 = False
508 <= 680 <= 604 = False
540 <= 680 <= 636 = False
574 <= 680 <= 670 = True
610 <= 680 <= 706 = True
648 <= 680 <= 744 = True
680 <= 680 <= 776 = True
680 <= 680 <= 776 = True
680 <= 680 <= 776 = True
680 <= 680 <= 776 = True
680 <= 680 <= 776 = True
680 <= 680 <= 776 = True
680 <= 680 <= 776 = True
680 <= 680 <= 776 = True
680 <= 680 <= 776 = True
680 <= 680 <= 776 = True
680 <= 680 <= 776 = True
680 <= 680 <= 776 = True
680 <= 680 <= 776 = True
680 <= 680 <= 776 = True
680 <= 680 <= 776 = True
680 <= 680 <= 776 = True
680 <= 680 <= 776 = True
680 <= 680 <= 776 = True
648 <= 680 <= 744 = True
618 <= 680 <= 714 = True
590 <= 680 <= 686 = True
564 <= 680 <= 660 = True
540 <= 680 <= 636 = False
518 <= 680 <= 614 = False
498 <= 680 <= 594 = False
480 <= 680 <= 576 = False
464 <= 680 <= 560 = False
450 <= 680 <= 546 = False
438 <= 680 <= 534 = False
428 <= 680 <= 524 = False
420 <= 680 <= 516 = False
414 <= 680 <= 510 = False
410 <= 680 <= 506 = False
408 <= 680 <= 504 = False
408 <= 680 <= 504 = False
410 <= 680 <= 506 = False
414 <= 680 <= 510 = False
420 <= 680 <= 516 = False
428 <= 680 <= 524 = False
438 <= 680 <= 534 = False
450 <= 680 <= 546 = False
464 <= 680 <= 560 = False
480 <= 680 <= 576 = False
498 <= 680 <= 594 = False
518 <= 680 <= 614 = False
540 <= 680 <= 636 = False
508 <= 680 <= 604 = False
478 <= 680 <= 574 = False
450 <= 680 <= 546 = False
424 <= 680 <= 520 = False
400 <= 680 <= 496 = False
378 <= 680 <= 474 = False
358 <= 680 <= 454 = False
340 <= 680 <= 436 = False
324 <= 680 <= 420 = False
310 <= 680 <= 406 = False
298 <= 680 <= 394 = False
288 <= 680 <= 384 = False
280 <= 680 <= 376 = False
274 <= 680 <= 370 = False
270 <= 680 <= 366 = False
268 <= 680 <= 364 = False
268 <= 680 <= 364 = False
270 <= 680 <= 366 = False
274 <= 680 <= 370 = False
280 <= 680 <= 376 = False
288 <= 680 <= 384 = False
298 <= 680 <= 394 = False
310 <= 680 <= 406 = False
324 <= 680 <= 420 = False
340 <= 680 <= 436 = False
358 <= 680 <= 454 = False
378 <= 680 <= 474 = False
400 <= 680 <= 496 = False
424 <= 680 <= 520 = False
450 <= 680 <= 546 = False
478 <= 680 <= 574 = False
508 <= 680 <= 604 = False
540 <= 680 <= 636 = False
574 <= 680 <= 670 = True
610 <= 680 <= 706 = True
648 <= 680 <= 744 = True
680 <= 680 <= 776 = True
680 <= 680 <= 776 = True
680 <= 680 <= 776 = True
680 <= 680 <= 776 = True
680 <= 680 <= 776 = True
680 <= 680 <= 776 = True
680 <= 680 <= 776 = True
648 <= 680 <= 744 = True
618 <= 680 <= 714 = True
590 <= 680 <= 686 = True
564 <= 680 <= 660 = True
540 <= 680 <= 636 = False
518 <= 680 <= 614 = False
498 <= 680 <= 594 = False
480 <= 680 <= 576 = False
464 <= 680 <= 560 = False
450 <= 680 <= 546 = False
438 <= 680 <= 534 = False
428 <= 680 <= 524 = False
420 <= 680 <= 516 = False
414 <= 680 <= 510 = False
410 <= 680 <= 506 = False
408 <= 680 <= 504 = False
408 <= 680 <= 504 = False
410 <= 680 <= 506 = False
414 <= 680 <= 510 = False
420 <= 680 <= 516 = False
428 <= 680 <= 524 = False
438 <= 680 <= 534 = False
450 <= 680 <= 546 = False
464 <= 680 <= 560 = False
480 <= 680 <= 576 = False
498 <= 680 <= 594 = False
518 <= 680 <= 614 = False
540 <= 680 <= 636 = False
564 <= 680 <= 660 = True
590 <= 680 <= 686 = True
618 <= 680 <= 714 = True
648 <= 680 <= 744 = True
680 <= 680 <= 776 = True
680 <= 680 <= 776 = True
648 <= 680 <= 744 = True
618 <= 680 <= 714 = True
590 <= 680 <= 686 = True
564 <= 680 <= 660 = True
540 <= 680 <= 636 = False
518 <= 680 <= 614 = False
498 <= 680 <= 594 = False
480 <= 680 <= 576 = False
464 <= 680 <= 560 = False
450 <= 680 <= 546 = False
438 <= 680 <= 534 = False
428 <= 680 <= 524 = False
420 <= 680 <= 516 = False
414 <= 680 <= 510 = False
410 <= 680 <= 506 = False
408 <= 680 <= 504 = False
408 <= 680 <= 504 = False
410 <= 680 <= 506 = False
414 <= 680 <= 510 = False
420 <= 680 <= 516 = False
428 <= 680 <= 524 = False
438 <= 680 <= 534 = False
450 <= 680 <= 546 = False
464 <= 680 <= 560 = False
480 <= 680 <= 576 = False
498 <= 680 <= 594 = False
518 <= 680 <= 614 = False
540 <= 680 <= 636 = False
564 <= 680 <= 660 = True
590 <= 680 <= 686 = True
618 <= 680 <= 714 = True
648 <= 680 <= 744 = True
616 <= 680 <= 712 = True
586 <= 680 <= 682 = True
558 <= 680 <= 654 = True
532 <= 680 <= 628 = False
508 <= 680 <= 604 = False
486 <= 680 <= 582 = False
466 <= 680 <= 562 = False
448 <= 680 <= 544 = False
432 <= 680 <= 528 = False
418 <= 680 <= 514 = False
406 <= 680 <= 502 = False
396 <= 680 <= 492 = False
388 <= 680 <= 484 = False
382 <= 680 <= 478 = False
378 <= 680 <= 474 = False
376 <= 680 <= 472 = False
376 <= 680 <= 472 = False
378 <= 680 <= 474 = False
382 <= 680 <= 478 = False
388 <= 680 <= 484 = False
396 <= 680 <= 492 = False
406 <= 680 <= 502 = False
418 <= 680 <= 514 = False
432 <= 680 <= 528 = False
448 <= 680 <= 544 = False
466 <= 680 <= 562 = False
486 <= 680 <= 582 = False
508 <= 680 <= 604 = False
532 <= 680 <= 628 = False
558 <= 680 <= 654 = True
586 <= 680 <= 682 = True
616 <= 680 <= 712 = True
648 <= 680 <= 744 = True
680 <= 680 <= 776 = True
680 <= 680 <= 776 = True
680 <= 680 <= 776 = True
680 <= 680 <= 776 = True
680 <= 680 <= 776 = True
680 <= 680 <= 776 = True
680 <= 680 <= 776 = True
648 <= 680 <= 744 = True
618 <= 680 <= 714 = True
590 <= 680 <= 686 = True
564 <= 680 <= 660 = True
540 <= 680 <= 636 = False
518 <= 680 <= 614 = False
498 <= 680 <= 594 = False
480 <= 680 <= 576 = False
464 <= 680 <= 560 = False
450 <= 680 <= 546 = False
438 <= 680 <= 534 = False
428 <= 680 <= 524 = False
420 <= 680 <= 516 = False
414 <= 680 <= 510 = False
410 <= 680 <= 506 = False
408 <= 680 <= 504 = False
408 <= 680 <= 504 = False
410 <= 680 <= 506 = False
414 <= 680 <= 510 = False
420 <= 680 <= 516 = False
428 <= 680 <= 524 = False
438 <= 680 <= 534 = False
450 <= 680 <= 546 = False
464 <= 680 <= 560 = False
480 <= 680 <= 576 = False
498 <= 680 <= 594 = False
518 <= 680 <= 614 = False
540 <= 680 <= 636 = False
564 <= 680 <= 660 = True
590 <= 680 <= 686 = True
618 <= 680 <= 714 = True
648 <= 680 <= 744 = True
680 <= 680 <= 776 = True
680 <= 680 <= 776 = True
680 <= 680 <= 776 = True
680 <= 680 <= 776 = True
680 <= 680 <= 776 = True
680 <= 680 <= 776 = True
680 <= 680 <= 776 = True
680 <= 680 <= 776 = True
680 <= 680 <= 776 = True
680 <= 680 <= 776 = True
680 <= 680 <= 776 = True
680 <= 680 <= 776 = True
680 <= 680 <= 776 = True
680 <= 680 <= 776 = True
680 <= 680 <= 776 = True
680 <= 680 <= 776 = True
680 <= 680 <= 776 = True
648 <= 680 <= 744 = True
618 <= 680 <= 714 = True
590 <= 680 <= 686 = True
564 <= 680 <= 660 = True
540 <= 680 <= 636 = False
518 <= 680 <= 614 = False
498 <= 680 <= 594 = False
480 <= 680 <= 576 = False
464 <= 680 <= 560 = False
450 <= 680 <= 546 = False
438 <= 680 <= 534 = False
428 <= 680 <= 524 = False
420 <= 680 <= 516 = False
414 <= 680 <= 510 = False
410 <= 680 <= 506 = False
408 <= 680 <= 504 = False
408 <= 680 <= 504 = False
410 <= 680 <= 506 = False
414 <= 680 <= 510 = False
420 <= 680 <= 516 = False
428 <= 680 <= 524 = False
438 <= 680 <= 534 = False
450 <= 680 <= 546 = False
464 <= 680 <= 560 = False
480 <= 680 <= 576 = False
498 <= 680 <= 594 = False
518 <= 680 <= 614 = False
540 <= 680 <= 636 = False
564 <= 680 <= 660 = True
590 <= 680 <= 686 = True
618 <= 680 <= 714 = True
648 <= 680 <= 744 = True
680 <= 680 <= 776 = True
680 <= 680 <= 776 = True
680 <= 680 <= 776 = True
680 <= 680 <= 776 = True
680 <= 680 <= 776 = True
680 <= 680 <= 776 = True
680 <= 680 <= 776 = True
680 <= 680 <= 776 = True
680 <= 680 <= 776 = True
680 <= 680 <= 776 = True
680 <= 680 <= 776 = True
680 <= 680 <= 776 = True
680 <= 680 <= 776 = True
680 <= 680 <= 776 = True
680 <= 680 <= 776 = True
680 <= 680 <= 776 = True
680 <= 680 <= 776 = True
680 <= 680 <= 776 = True
680 <= 680 <= 776 = True
680 <= 680 <= 776 = True
680 <= 680 <= 776 = True
680 <= 680 <= 776 = True
680 <= 680 <= 776 = True
680 <= 680 <= 776 = True
680 <= 680 <= 776 = True
680 <= 680 <= 776 = True
680 <= 680 <= 776 = True
680 <= 680 <= 776 = True
680 <= 680 <= 776 = True
680 <= 680 <= 776 = True
680 <= 680 <= 776 = True
680 <= 680 <= 776 = True
680 <= 680 <= 776 = True
680 <= 680 <= 776 = True
680 <= 680 <= 776 = True
680 <= 680 <= 776 = True
680 <= 680 <= 776 = True
680 <= 680 <= 776 = True
680 <= 680 <= 776 = True
680 <= 680 <= 776 = True
680 <= 680 <= 776 = True
680 <= 680 <= 776 = True
680 <= 680 <= 776 = True
680 <= 680 <= 776 = True
680 <= 680 <= 776 = True
680 <= 680 <= 776 = True
680 <= 680 <= 776 = True
680 <= 680 <= 776 = True
680 <= 680 <= 776 = True
680 <= 680 <= 776 = True
680 <= 680 <= 776 = True
680 <= 680 <= 776 = True
680 <= 680 <= 776 = True
680 <= 680 <= 776 = True
680 <= 680 <= 776 = True
680 <= 680 <= 776 = True
680 <= 680 <= 776 = True
680 <= 680 <= 776 = True
680 <= 680 <= 776 = True
680 <= 680 <= 776 = True
680 <= 680 <= 776 = True
680 <= 680 <= 776 = True
680 <= 680 <= 776 = True
680 <= 680 <= 776 = True
680 <= 680 <= 776 = True
680 <= 680 <= 776 = True
680 <= 680 <= 776 = True
680 <= 680 <= 776 = True
680 <= 680 <= 776 = True
680 <= 680 <= 776 = True
680 <= 680 <= 776 = True
680 <= 680 <= 776 = True
680 <= 680 <= 776 = True
680 <= 680 <= 776 = True
680 <= 680 <= 776 = True
680 <= 680 <= 776 = True
680 <= 680 <= 776 = True
680 <= 680 <= 776 = True
680 <= 680 <= 776 = True
680 <= 680 <= 776 = True
680 <= 680 <= 776 = True
680 <= 680 <= 776 = True
680 <= 680 <= 776 = True
680 <= 680 <= 776 = True
680 <= 680 <= 776 = True
680 <= 680 <= 776 = True
680 <= 680 <= 776 = True
680 <= 680 <= 776 = True
680 <= 680 <= 776 = True
680 <= 680 <= 776 = True
680 <= 680 <= 776 = True
680 <= 680 <= 776 = True
680 <= 680 <= 776 = True
680 <= 680 <= 776 = True
680 <= 680 <= 776 = True
680 <= 680 <= 776 = True
680 <= 680 <= 776 = True
680 <= 680 <= 776 = True
680 <= 680 <= 776 = True
680 <= 680 <= 776 = True
680 <= 680 <= 776 = True
680 <= 680 <= 776 = True
680 <= 680 <= 776 = True
680 <= 680 <= 776 = True
680 <= 680 <= 776 = True
680 <= 680 <= 776 = True
680 <= 680 <= 776 = True
680 <= 680 <= 776 = True
680 <= 680 <= 776 = True
680 <= 680 <= 776 = True
680 <= 680 <= 776 = True
680 <= 680 <= 776 = True
680 <= 680 <= 776 = True
680 <= 680 <= 776 = True
680 <= 680 <= 776 = True
680 <= 680 <= 776 = True
680 <= 680 <= 776 = True
680 <= 680 <= 776 = True
680 <= 680 <= 776 = True
680 <= 680 <= 776 = True
680 <= 680 <= 776 = True
680 <= 680 <= 776 = True
680 <= 680 <= 776 = True
680 <= 680 <= 776 = True
680 <= 680 <= 776 = True
680 <= 680 <= 776 = True
680 <= 680 <= 776 = True
680 <= 680 <= 776 = True
680 <= 680 <= 776 = True
680 <= 680 <= 776 = True
680 <= 680 <= 776 = True
680 <= 680 <= 776 = True
680 <= 680 <= 776 = True
680 <= 680 <= 776 = True
680 <= 680 <= 776 = True
680 <= 680 <= 776 = True
680 <= 680 <= 776 = True
680 <= 680 <= 776 = True
680 <= 680 <= 776 = True
680 <= 680 <= 776 = True
680 <= 680 <= 776 = True
680 <= 680 <= 776 = True
680 <= 680 <= 776 = True
680 <= 680 <= 776 = True
680 <= 680 <= 776 = True
680 <= 680 <= 776 = True
680 <= 680 <= 776 = True
680 <= 680 <= 776 = True
680 <= 680 <= 776 = True
680 <= 680 <= 776 = True
680 <= 680 <= 776 = True
680 <= 680 <= 776 = True
680 <= 680 <= 776 = True
680 <= 680 <= 776 = True
680 <= 680 <= 776 = True
680 <= 680 <= 776 = True
680 <= 680 <= 776 = True
680 <= 680 <= 776 = True
680 <= 680 <= 776 = True
680 <= 680 <= 776 = True
680 <= 680 <= 776 = True
680 <= 680 <= 776 = True
680 <= 680 <= 776 = True
680 <= 680 <= 776 = True
680 <= 680 <= 776 = True
680 <= 680 <= 776 = True
680 <= 680 <= 776 = True
680 <= 680 <= 776 = True
680 <= 680 <= 776 = True
680 <= 680 <= 776 = True
680 <= 680 <= 776 = True
680 <= 680 <= 776 = True
680 <= 680 <= 776 = True
680 <= 680 <= 776 = True
680 <= 680 <= 776 = True
680 <= 680 <= 776 = True
680 <= 680 <= 776 = True
680 <= 680 <= 776 = True
680 <= 680 <= 776 = True
680 <= 680 <= 776 = True
680 <= 680 <= 776 = True
680 <= 680 <= 776 = True
680 <= 680 <= 776 = True
680 <= 680 <= 776 = True
680 <= 680 <= 776 = True
680 <= 680 <= 776 = True
680 <= 680 <= 776 = True
680 <= 680 <= 776 = True
680 <= 680 <= 776 = True
680 <= 680 <= 776 = True
680 <= 680 <= 776 = True
680 <= 680 <= 776 = True
680 <= 680 <= 776 = True
680 <= 680 <= 776 = True
680 <= 680 <= 776 = True
680 <= 680 <= 776 = True
680 <= 680 <= 776 = True
680 <= 680 <= 776 = True
680 <= 680 <= 776 = True
680 <= 680 <= 776 = True
680 <= 680 <= 776 = True
680 <= 680 <= 776 = True
680 <= 680 <= 776 = True
680 <= 680 <= 776 = True
680 <= 680 <= 776 = True
680 <= 680 <= 776 = True
680 <= 680 <= 776 = True
680 <= 680 <= 776 = True
680 <= 680 <= 776 = True
680 <= 680 <= 776 = True
680 <= 680 <= 776 = True
680 <= 680 <= 776 = True
680 <= 680 <= 776 = True
680 <= 680 <= 776 = True
680 <= 680 <= 776 = True
680 <= 680 <= 776 = True
680 <= 680 <= 776 = True
680 <= 680 <= 776 = True
680 <= 680 <= 776 = True
680 <= 680 <= 776 = True
680 <= 680 <= 776 = True
680 <= 680 <= 776 = True
680 <= 680 <= 776 = True
680 <= 680 <= 776 = True
680 <= 680 <= 776 = True
680 <= 680 <= 776 = True
680 <= 680 <= 776 = True
680 <= 680 <= 776 = True
680 <= 680 <= 776 = True
680 <= 680 <= 776 = True
680 <= 680 <= 776 = True
680 <= 680 <= 776 = True
680 <= 680 <= 776 = True
680 <= 680 <= 776 = True
680 <= 680 <= 776 = True
680 <= 680 <= 776 = True
680 <= 680 <= 776 = True
680 <= 680 <= 776 = True
680 <= 680 <= 776 = True
680 <= 680 <= 776 = True
680 <= 680 <= 776 = True
680 <= 680 <= 776 = True
680 <= 680 <= 776 = True
680 <= 680 <= 776 = True
680 <= 680 <= 776 = True
680 <= 680 <= 776 = True
680 <= 680 <= 776 = True
680 <= 680 <= 776 = True
Traceback (most recent call last):
  File ".\system.py", line 543, in <module>
    a.do()
  File ".\system.py", line 541, in do
    self.titlemain()
  File ".\system.py", line 244, in titlemain
    fp.render(self.main)
  File ".\xi\fps.py", line 34, in render
    func()
  File ".\system.py", line 291, in main
    self.tick('control')
  File ".\system.py", line 395, in tick
    result = self.collide((p, p.width(), pb, px, py), (o, o.cat().width(o), hit, ox+oxp, oy+oyp))
  File ".\system.py", line 502, in collide
    sx1, sx2 = plines[0][y+(oy-py)]
TypeError: 'NoneType' object is unsubscriptable
---- shutdown ----
